
map -a "MachXO2" -p LCMXO2-7000HC -t TQFP144 -s 4 -oc Commercial   "Uniboard_verilog_impl1.ngd" -o "Uniboard_verilog_impl1_map.ncd" -pr "Uniboard_verilog_impl1.prf" -mp "Uniboard_verilog_impl1.mrp" -lpf "/home/nick/Desktop/nickfolder/documents/projects/in-progress/project 5l - OSURC Rover 2016/electrical/uniboard/software/hdl-verilog/impl1/Uniboard_verilog_impl1.lpf" -lpf "/home/nick/Desktop/nickfolder/documents/projects/in-progress/project 5l - OSURC Rover 2016/electrical/uniboard/software/hdl-verilog/Uniboard_verilog.lpf" -c 0            
map:  version Diamond (64-bit) 3.4.1.213

Copyright (c) 1991-1994 by NeoCAD Inc. All rights reserved.
Copyright (c) 1995 AT&T Corp.   All rights reserved.
Copyright (c) 1995-2001 Lucent Technologies Inc.  All rights reserved.
Copyright (c) 2001 Agere Systems   All rights reserved.
Copyright (c) 2002-2014 Lattice Semiconductor Corporation,  All rights reserved.
   Process the file: Uniboard_verilog_impl1.ngd
   Picdevice="LCMXO2-7000HC"

   Pictype="TQFP144"

   Picspeed=4

   Remove unused logic

   Do not produce over sized NCDs.

Part used: LCMXO2-7000HCTQFP144, Performance used: 4.

Loading device for application map from file 'xo2c7000.nph' in environment: /usr/local/diamond/3.4_x64/ispfpga.
Package Status:                     Final          Version 1.39.

Running general design DRC...

    <postMsg mid="1166064" type="Warning" dynamic="2" navigation="0" arg0="input" arg1="Stepper_X_nFault"  />
    <postMsg mid="1166064" type="Warning" dynamic="2" navigation="0" arg0="input" arg1="Stepper_Y_nFault"  />
    <postMsg mid="1166064" type="Warning" dynamic="2" navigation="0" arg0="input" arg1="Stepper_Z_nFault"  />
    <postMsg mid="1166064" type="Warning" dynamic="2" navigation="0" arg0="input" arg1="Stepper_A_nFault"  />
    <postMsg mid="1166064" type="Warning" dynamic="2" navigation="0" arg0="input" arg1="limit[3]"  />
    <postMsg mid="1166064" type="Warning" dynamic="2" navigation="0" arg0="input" arg1="limit[2]"  />
    <postMsg mid="1166064" type="Warning" dynamic="2" navigation="0" arg0="input" arg1="limit[1]"  />
    <postMsg mid="1166064" type="Warning" dynamic="2" navigation="0" arg0="input" arg1="limit[0]"  />
    <postMsg mid="1166064" type="Warning" dynamic="2" navigation="0" arg0="input" arg1="encoder_ra"  />
    <postMsg mid="1166064" type="Warning" dynamic="2" navigation="0" arg0="input" arg1="encoder_rb"  />
    <postMsg mid="1166064" type="Warning" dynamic="2" navigation="0" arg0="input" arg1="encoder_ri"  />
    <postMsg mid="1166064" type="Warning" dynamic="2" navigation="0" arg0="input" arg1="encoder_la"  />
    <postMsg mid="1166064" type="Warning" dynamic="2" navigation="0" arg0="input" arg1="encoder_lb"  />
    <postMsg mid="1166064" type="Warning" dynamic="2" navigation="0" arg0="input" arg1="encoder_li"  />
    <postMsg mid="1166064" type="Warning" dynamic="2" navigation="0" arg0="input" arg1="xbee_pause"  />
Removing unused logic...

Optimizing...

    <postMsg mid="51001046" type="Warning" dynamic="1" navigation="0" arg0="Stepper_X_nFault"  />
    <postMsg mid="51001046" type="Warning" dynamic="1" navigation="0" arg0="Stepper_Y_nFault"  />
    <postMsg mid="51001046" type="Warning" dynamic="1" navigation="0" arg0="Stepper_Z_nFault"  />
    <postMsg mid="51001046" type="Warning" dynamic="1" navigation="0" arg0="Stepper_A_nFault"  />
    <postMsg mid="51001046" type="Warning" dynamic="1" navigation="0" arg0="limit[3:0](3)"  />
    <postMsg mid="51001046" type="Warning" dynamic="1" navigation="0" arg0="limit[3:0](2)"  />
    <postMsg mid="51001046" type="Warning" dynamic="1" navigation="0" arg0="limit[3:0](1)"  />
    <postMsg mid="51001046" type="Warning" dynamic="1" navigation="0" arg0="limit[3:0](0)"  />
    <postMsg mid="51001046" type="Warning" dynamic="1" navigation="0" arg0="encoder_ra"  />
    <postMsg mid="51001046" type="Warning" dynamic="1" navigation="0" arg0="encoder_rb"  />
    <postMsg mid="51001046" type="Warning" dynamic="1" navigation="0" arg0="encoder_ri"  />
    <postMsg mid="51001046" type="Warning" dynamic="1" navigation="0" arg0="encoder_la"  />
    <postMsg mid="51001046" type="Warning" dynamic="1" navigation="0" arg0="encoder_lb"  />
    <postMsg mid="51001046" type="Warning" dynamic="1" navigation="0" arg0="encoder_li"  />
    <postMsg mid="51001046" type="Warning" dynamic="1" navigation="0" arg0="xbee_pause"  />



Design Summary:
   Number of registers:    532 out of  7209 (7%)
      PFU registers:          524 out of  6864 (8%)
      PIO registers:            8 out of   345 (2%)
   Number of SLICEs:       647 out of  3432 (19%)
      SLICEs as Logic/ROM:    647 out of  3432 (19%)
      SLICEs as RAM:            0 out of  2574 (0%)
      SLICEs as Carry:        217 out of  3432 (6%)
   Number of LUT4s:        1291 out of  6864 (19%)
      Number of logic LUTs:      857
      Number of distributed RAM:   0 (0 LUT4s)
      Number of ripple logic:    217 (434 LUT4s)
      Number of shift registers:   0
   Number of PIO sites used: 53 + 4(JTAG) out of 115 (50%)
   Number of block RAMs:  0 out of 26 (0%)
   Number of GSRs:  0 out of 1 (0%)
   EFB used :       No
   JTAG used :      No
   Readback used :  No
   Oscillator used :  No
   Startup used :   No
   POR :            On
   Bandgap :        On
   Number of Power Controller:  0 out of 1 (0%)
   Number of Dynamic Bank Controller (BCINRD):  0 out of 6 (0%)
   Number of Dynamic Bank Controller (BCLVDSO):  0 out of 1 (0%)
   Number of DCCA:  0 out of 8 (0%)
   Number of DCMA:  0 out of 2 (0%)
   Number of PLLs:  0 out of 2 (0%)
   Number of DQSDLLs:  0 out of 2 (0%)
   Number of CLKDIVC:  0 out of 4 (0%)
   Number of ECLKSYNCA:  0 out of 4 (0%)
   Number of ECLKBRIDGECS:  0 out of 2 (0%)
   Notes:-
      1. Total number of LUT4s = (Number of logic LUT4s) + 2*(Number of distributed RAMs) + 2*(Number of ripple logic)
      2. Number of logic LUT4s does not include count of distributed RAM and ripple logic.
   Number of clocks:  3
     Net debug_c_c: 296 loads, 296 rising, 0 falling (Driver: PIO clk_12MHz )
     Net select[7]: 9 loads, 9 rising, 0 falling (Driver: protocol_interface/select__i7 )
     Net \protocol_interface/uart_output/bclk: 9 loads, 9 rising, 0 falling (Driver: protocol_interface/uart_output/baud_gen/clk_o_14 )
   Number of Clock Enables:  34
     Net n7870: 1 loads, 1 LSLICEs
     Net n18249: 4 loads, 4 LSLICEs
     Net n7881: 1 loads, 1 LSLICEs
     Net n18243: 4 loads, 4 LSLICEs
     Net n18264: 5 loads, 5 LSLICEs
     Net n18236: 82 loads, 74 LSLICEs
     Net n5979: 4 loads, 4 LSLICEs
     Net n6112: 4 loads, 4 LSLICEs
     Net n30: 8 loads, 8 LSLICEs
     Net n18285: 8 loads, 8 LSLICEs
     Net n7843: 2 loads, 2 LSLICEs
     Net n8130: 1 loads, 1 LSLICEs
     Net n7915: 6 loads, 6 LSLICEs
     Net n7855: 4 loads, 4 LSLICEs
     Net n15434: 1 loads, 1 LSLICEs
     Net n7887: 4 loads, 4 LSLICEs
     Net n15459: 1 loads, 1 LSLICEs
     Net n7899: 4 loads, 4 LSLICEs
     Net n15446: 1 loads, 1 LSLICEs
     Net n7898: 4 loads, 4 LSLICEs
     Net n15464: 1 loads, 1 LSLICEs
     Net n15408: 1 loads, 1 LSLICEs
     Net n8004: 4 loads, 4 LSLICEs
     Net n15350: 1 loads, 1 LSLICEs
     Net n8003: 4 loads, 4 LSLICEs
     Net protocol_interface/n7949: 29 loads, 29 LSLICEs
     Net protocol_interface/n18269: 3 loads, 3 LSLICEs
     Net protocol_interface/n2395: 5 loads, 5 LSLICEs
     Net protocol_interface/n2397: 16 loads, 16 LSLICEs
     Net protocol_interface/n18265: 4 loads, 4 LSLICEs
     Net protocol_interface/n15443: 1 loads, 1 LSLICEs
     Net protocol_interface/n1984: 1 loads, 1 LSLICEs
     Net protocol_interface/uart_output/n4619: 4 loads, 4 LSLICEs
     Net protocol_interface/uart_output/n17750: 1 loads, 1 LSLICEs
   Number of LSRs:  21
     Net n18295: 8 loads, 8 LSLICEs
     Net n10265: 4 loads, 4 LSLICEs
     Net n4643: 7 loads, 7 LSLICEs
     Net n4639: 7 loads, 7 LSLICEs
     Net n15512: 1 loads, 1 LSLICEs
     Net n19456: 31 loads, 31 LSLICEs
     Net n18273: 26 loads, 26 LSLICEs
     Net rc_receiver/n18286: 8 loads, 8 LSLICEs
     Net rc_receiver/recv_ch8/n8665: 4 loads, 4 LSLICEs
     Net rc_receiver/recv_ch7/n8642: 4 loads, 4 LSLICEs
     Net rc_receiver/recv_ch4/n8620: 4 loads, 4 LSLICEs
     Net rc_receiver/recv_ch3/n8491: 4 loads, 4 LSLICEs
     Net rc_receiver/recv_ch2/n8583: 4 loads, 4 LSLICEs
     Net rc_receiver/recv_ch1/n8561: 4 loads, 4 LSLICEs
     Net n2403: 17 loads, 17 LSLICEs
     Net protocol_interface/n8508: 3 loads, 3 LSLICEs
     Net protocol_interface/n18244: 2 loads, 2 LSLICEs
     Net protocol_interface/n8600: 2 loads, 2 LSLICEs
     Net protocol_interface/uart_output/baud_gen/n8589: 17 loads, 17 LSLICEs
     Net protocol_interface/uart_input/baud_reset: 1 loads, 1 LSLICEs
     Net protocol_interface/uart_input/baud_gen/n2488: 17 loads, 17 LSLICEs
   Number of nets driven by tri-state buffers:  0
   Top 10 highest fanout non-clock nets:
     Net n18236: 92 loads
     Net protocol_interface/n1261: 60 loads
     Net register_addr_0: 46 loads
     Net protocol_interface/n1262: 45 loads
     Net protocol_interface/n17054: 34 loads
     Net protocol_interface/sendcount_0: 34 loads
     Net n18295: 31 loads
     Net n19456: 31 loads
     Net protocol_interface/n7949: 29 loads
     Net protocol_interface/sendcount_1: 28 loads
 

   Number of warnings:  30
   Number of errors:    0



Total CPU Time: 0 secs  
Total REAL Time: 0 secs  
Peak Memory Usage: 190 MB

Dumping design to file Uniboard_verilog_impl1_map.ncd.

ncd2vdb "Uniboard_verilog_impl1_map.ncd" ".vdbs/Uniboard_verilog_impl1_map.vdb"

Loading device for application ncd2vdb from file 'xo2c7000.nph' in environment: /usr/local/diamond/3.4_x64/ispfpga.

mpartrce -p "Uniboard_verilog_impl1.p2t" -f "Uniboard_verilog_impl1.p3t" -tf "Uniboard_verilog_impl1.pt" "Uniboard_verilog_impl1_map.ncd" "Uniboard_verilog_impl1.ncd"

---- MParTrce Tool ----
Removing old design directory at request of -rem command line option to this program.
Running par. Please wait . . .

Lattice Place and Route Report for Design "Uniboard_verilog_impl1_map.ncd"
Sun Jan 10 00:39:29 2016

PAR: Place And Route Diamond (64-bit) 3.4.1.213.
Command Line: par -w -l 5 -i 6 -t 1 -c 0 -e 0 -gui -exp parUseNBR=1:parCDP=0:parCDR=0:parPathBased=OFF Uniboard_verilog_impl1_map.ncd Uniboard_verilog_impl1.dir/5_1.ncd Uniboard_verilog_impl1.prf
Preference file: Uniboard_verilog_impl1.prf.
Placement level-cost: 5-1.
Routing Iterations: 6

Loading design for application par from file Uniboard_verilog_impl1_map.ncd.
Design name: UniboardTop
NCD version: 3.3
Vendor:      LATTICE
Device:      LCMXO2-7000HC
Package:     TQFP144
Performance: 4
Loading device for application par from file 'xo2c7000.nph' in environment: /usr/local/diamond/3.4_x64/ispfpga.
Package Status:                     Final          Version 1.39.
Performance Hardware Data Status:   Final          Version 30.4.
License checked out.


Ignore Preference Error(s):  True
Device utilization summary:

   PIO (prelim)   53+4(JTAG)/336     17% used
                  53+4(JTAG)/115     50% bonded
   IOLOGIC            8/336           2% used

   SLICE            647/3432         18% used



Number of Signals: 1864
Number of Connections: 4865

Pin Constraint Summary:
   53 out of 53 pins locked (100% locked).

The following 1 signal is selected to use the primary clock routing resources:
    debug_c_c (driver: clk_12MHz, clk load #: 296)


The following 8 signals are selected to use the secondary clock routing resources:
    n18236 (driver: SLICE_420, clk load #: 0, sr load #: 0, ce load #: 82)
    n19456 (driver: SLICE_452, clk load #: 0, sr load #: 31, ce load #: 0)
    protocol_interface/n7949 (driver: protocol_interface/SLICE_547, clk load #: 0, sr load #: 0, ce load #: 29)
    n18273 (driver: SLICE_676, clk load #: 0, sr load #: 26, ce load #: 0)
    select[7] (driver: protocol_interface/SLICE_395, clk load #: 9, sr load #: 0, ce load #: 0)
    \protocol_interface/uart_output/bclk (driver: protocol_interface/uart_output/baud_gen/SLICE_125, clk load #: 9, sr load #: 0, ce load #: 0)
    n2403 (driver: SLICE_540, clk load #: 0, sr load #: 17, ce load #: 0)
    protocol_interface/uart_output/baud_gen/n8589 (driver: protocol_interface/uart_output/baud_gen/SLICE_566, clk load #: 0, sr load #: 17, ce load #: 0)

No signal is selected as Global Set/Reset.
Starting Placer Phase 0.
...........
Finished Placer Phase 0.  REAL time: 2 secs 

Starting Placer Phase 1.
.......................
Placer score = 219887.
Finished Placer Phase 1.  REAL time: 11 secs 

Starting Placer Phase 2.
.
Placer score =  217718
Finished Placer Phase 2.  REAL time: 12 secs 


------------------ Clock Report ------------------

Global Clock Resources:
  CLK_PIN    : 1 out of 8 (12%)
  PLL        : 0 out of 2 (0%)
  DCM        : 0 out of 2 (0%)
  DCC        : 0 out of 8 (0%)

Quadrants All (TL, TR, BL, BR) - Global Clocks:
  PRIMARY "debug_c_c" from comp "clk_12MHz" on CLK_PIN site "128 (PT18A)", clk load = 296
  SECONDARY "n18236" from F1 on comp "SLICE_420" on site "R14C20D", clk load = 0, ce load = 82, sr load = 0
  SECONDARY "n19456" from F0 on comp "SLICE_452" on site "R14C20B", clk load = 0, ce load = 0, sr load = 31
  SECONDARY "protocol_interface/n7949" from F0 on comp "protocol_interface/SLICE_547" on site "R14C20C", clk load = 0, ce load = 29, sr load = 0
  SECONDARY "n18273" from F1 on comp "SLICE_676" on site "R14C20A", clk load = 0, ce load = 0, sr load = 26
  SECONDARY "select[7]" from Q0 on comp "protocol_interface/SLICE_395" on site "R21C20C", clk load = 9, ce load = 0, sr load = 0
  SECONDARY "\protocol_interface/uart_output/bclk" from Q0 on comp "protocol_interface/uart_output/baud_gen/SLICE_125" on site "R14C18A", clk load = 9, ce load = 0, sr load = 0
  SECONDARY "n2403" from F0 on comp "SLICE_540" on site "R21C20D", clk load = 0, ce load = 0, sr load = 17
  SECONDARY "protocol_interface/uart_output/baud_gen/n8589" from F0 on comp "protocol_interface/uart_output/baud_gen/SLICE_566" on site "R14C18C", clk load = 0, ce load = 0, sr load = 17

  PRIMARY  : 1 out of 8 (12%)
  SECONDARY: 8 out of 8 (100%)

Edge Clocks:
  No edge clock selected.

--------------- End of Clock Report ---------------


I/O Usage Summary (final):
   53 + 4(JTAG) out of 336 (17.0%) PIO sites used.
   53 + 4(JTAG) out of 115 (49.6%) bonded PIO sites used.
   Number of PIO comps: 53; differential: 0.
   Number of Vref pins used: 0.

I/O Bank Usage Summary:
+----------+----------------+------------+-----------+
| I/O Bank | Usage          | Bank Vccio | Bank Vref |
+----------+----------------+------------+-----------+
| 0        | 14 / 28 ( 50%) | 2.5V       | -         |
| 1        | 22 / 29 ( 75%) | 2.5V       | -         |
| 2        | 15 / 29 ( 51%) | 2.5V       | -         |
| 3        | 0 / 9 (  0%)   | -          | -         |
| 4        | 0 / 10 (  0%)  | -          | -         |
| 5        | 2 / 10 ( 20%)  | 2.5V       | -         |
+----------+----------------+------------+-----------+

Total placer CPU time: 11 secs 

Dumping design to file Uniboard_verilog_impl1.dir/5_1.ncd.

0 connections routed; 4865 unrouted.
Starting router resource preassignment

Completed router resource preassignment. Real time: 14 secs 

Start NBR router at Sun Jan 10 00:39:43 PST 2016

*****************************************************************
Info: NBR allows conflicts(one node used by more than one signal)
      in the earlier iterations. In each iteration, it tries to  
      solve the conflicts while keeping the critical connections 
      routed as short as possible. The routing process is said to
      be completed when no conflicts exist and all connections   
      are routed.                                                
Note: NBR uses a different method to calculate timing slacks. The
      worst slack and total negative slack may not be the same as
      that in TRCE report. You should always run TRCE to verify  
      your design. Thanks.                                       
*****************************************************************

Start NBR special constraint process at Sun Jan 10 00:39:43 PST 2016

Start NBR section for initial routing at Sun Jan 10 00:39:43 PST 2016
Level 4, iteration 1
139(0.04%) conflicts; 0(0.00%) untouched conn; 0 (nbr) score; 
Estimated worst slack/total negative slack<setup>: 64.200ns/0.000ns; real time: 15 secs 

Info: Initial congestion level at 75% usage is 0
Info: Initial congestion area  at 75% usage is 0 (0.00%)

Start NBR section for normal routing at Sun Jan 10 00:39:44 PST 2016
Level 4, iteration 1
61(0.02%) conflicts; 0(0.00%) untouched conn; 0 (nbr) score; 
Estimated worst slack/total negative slack<setup>: 64.519ns/0.000ns; real time: 15 secs 
Level 4, iteration 2
18(0.00%) conflicts; 0(0.00%) untouched conn; 0 (nbr) score; 
Estimated worst slack/total negative slack<setup>: 64.519ns/0.000ns; real time: 15 secs 
Level 4, iteration 3
6(0.00%) conflicts; 0(0.00%) untouched conn; 0 (nbr) score; 
Estimated worst slack/total negative slack<setup>: 64.519ns/0.000ns; real time: 15 secs 
Level 4, iteration 4
1(0.00%) conflict; 0(0.00%) untouched conn; 0 (nbr) score; 
Estimated worst slack/total negative slack<setup>: 64.519ns/0.000ns; real time: 15 secs 
Level 4, iteration 5
0(0.00%) conflict; 0(0.00%) untouched conn; 0 (nbr) score; 
Estimated worst slack/total negative slack<setup>: 64.519ns/0.000ns; real time: 16 secs 

Start NBR section for setup/hold timing optimization with effort level 3 at Sun Jan 10 00:39:45 PST 2016
    <postMsg mid="62001131" type="Warning" dynamic="9" navigation="0" arg0="-0.274" arg1="0" arg2="1" arg3="0" arg4="SLICE_452" arg5="F0" arg6="protocol_interface/uart_output/SLICE_397" arg7="LSR" arg8="n19456"  />
    <postMsg mid="62001131" type="Warning" dynamic="9" navigation="0" arg0="-0.213" arg1="0" arg2="1" arg3="0" arg4="SLICE_676" arg5="F1" arg6="protocol_interface/uart_output/SLICE_246" arg7="LSR" arg8="n18273"  />
    <postMsg mid="62001131" type="Warning" dynamic="9" navigation="0" arg0="-0.213" arg1="0" arg2="1" arg3="0" arg4="SLICE_676" arg5="F1" arg6="protocol_interface/uart_output/SLICE_281" arg7="LSR" arg8="n18273"  />
    <postMsg mid="62001131" type="Warning" dynamic="9" navigation="0" arg0="-0.213" arg1="0" arg2="1" arg3="0" arg4="SLICE_676" arg5="F1" arg6="protocol_interface/uart_output/SLICE_339" arg7="LSR" arg8="n18273"  />
    <postMsg mid="62001131" type="Warning" dynamic="9" navigation="0" arg0="-0.438" arg1="0" arg2="1" arg3="1" arg4="rc_receiver/SLICE_353" arg5="OFX1" arg6="rc_receiver/SLICE_353" arg7="DI1" arg8="rc_receiver/n17110"  />
    <postMsg mid="62001131" type="Warning" dynamic="9" navigation="0" arg0="-0.476" arg1="0" arg2="1" arg3="1" arg4="SLICE_352" arg5="F0" arg6="SLICE_352" arg7="DI0" arg8="rc_receiver/n176"  />
    <postMsg mid="62001131" type="Warning" dynamic="9" navigation="0" arg0="-0.332" arg1="0" arg2="1" arg3="1" arg4="rc_receiver/SLICE_353" arg5="OFX0" arg6="rc_receiver/SLICE_353" arg7="FXB" arg8="rc_receiver/n17109"  />
    <postMsg mid="62001131" type="Warning" dynamic="9" navigation="0" arg0="-0.351" arg1="0" arg2="1" arg3="1" arg4="rc_receiver/SLICE_354" arg5="OFX0" arg6="rc_receiver/SLICE_354" arg7="FXB" arg8="rc_receiver/n17112"  />
    <postMsg mid="62001131" type="Warning" dynamic="9" navigation="0" arg0="-0.216" arg1="0" arg2="1" arg3="1" arg4="rc_receiver/SLICE_355" arg5="OFX0" arg6="rc_receiver/SLICE_355" arg7="FXB" arg8="rc_receiver/n17115"  />
    <postMsg mid="62001131" type="Warning" dynamic="9" navigation="0" arg0="-0.297" arg1="0" arg2="1" arg3="1" arg4="rc_receiver/SLICE_356" arg5="OFX0" arg6="rc_receiver/SLICE_356" arg7="FXB" arg8="rc_receiver/n17118"  />
    <postMsg mid="62001131" type="Warning" dynamic="9" navigation="0" arg0="-0.329" arg1="0" arg2="1" arg3="1" arg4="rc_receiver/SLICE_357" arg5="OFX0" arg6="rc_receiver/SLICE_357" arg7="FXB" arg8="rc_receiver/n17121"  />
    <postMsg mid="62001131" type="Warning" dynamic="9" navigation="0" arg0="-0.332" arg1="0" arg2="1" arg3="1" arg4="rc_receiver/SLICE_358" arg5="OFX0" arg6="rc_receiver/SLICE_358" arg7="FXB" arg8="rc_receiver/n17124"  />
    <postMsg mid="62001131" type="Warning" dynamic="9" navigation="0" arg0="-0.438" arg1="0" arg2="1" arg3="1" arg4="rc_receiver/i13833/SLICE_404" arg5="OFX0" arg6="rc_receiver/SLICE_353" arg7="FXA" arg8="rc_receiver/n17108"  />
    <postMsg mid="62001131" type="Warning" dynamic="9" navigation="0" arg0="-0.354" arg1="0" arg2="1" arg3="1" arg4="rc_receiver/SLICE_359" arg5="OFX0" arg6="rc_receiver/SLICE_359" arg7="FXB" arg8="rc_receiver/n17127"  />
    <postMsg mid="62001131" type="Warning" dynamic="9" navigation="0" arg0="-0.437" arg1="0" arg2="1" arg3="1" arg4="rc_receiver/SLICE_360" arg5="OFX0" arg6="rc_receiver/SLICE_360" arg7="FXB" arg8="rc_receiver/n17130"  />
    <postMsg mid="62001131" type="Warning" dynamic="9" navigation="0" arg0="-0.361" arg1="0" arg2="1" arg3="1" arg4="rc_receiver/i13839/SLICE_406" arg5="OFX0" arg6="rc_receiver/SLICE_355" arg7="FXA" arg8="rc_receiver/n17114"  />
    <postMsg mid="62001131" type="Warning" dynamic="9" navigation="0" arg0="-0.361" arg1="0" arg2="1" arg3="1" arg4="rc_receiver/SLICE_355" arg5="OFX1" arg6="rc_receiver/SLICE_355" arg7="DI1" arg8="rc_receiver/n17116"  />
    <postMsg mid="62001131" type="Warning" dynamic="9" navigation="0" arg0="-0.297" arg1="0" arg2="1" arg3="1" arg4="rc_receiver/i13842/SLICE_405" arg5="OFX0" arg6="rc_receiver/SLICE_356" arg7="FXA" arg8="rc_receiver/n17117"  />
    <postMsg mid="62001131" type="Warning" dynamic="9" navigation="0" arg0="-0.297" arg1="0" arg2="1" arg3="1" arg4="rc_receiver/SLICE_356" arg5="OFX1" arg6="rc_receiver/SLICE_356" arg7="DI1" arg8="rc_receiver/n17119"  />
    <postMsg mid="62001131" type="Warning" dynamic="9" navigation="0" arg0="-0.265" arg1="0" arg2="1" arg3="1" arg4="rc_receiver/i13845/SLICE_403" arg5="OFX0" arg6="rc_receiver/SLICE_357" arg7="FXA" arg8="rc_receiver/n17120"  />
    <postMsg mid="62001131" type="Warning" dynamic="9" navigation="0" arg0="-0.329" arg1="0" arg2="1" arg3="1" arg4="rc_receiver/SLICE_357" arg5="OFX1" arg6="rc_receiver/SLICE_357" arg7="DI1" arg8="rc_receiver/n17122"  />
    <postMsg mid="62001131" type="Warning" dynamic="9" navigation="0" arg0="-0.437" arg1="0" arg2="1" arg3="1" arg4="rc_receiver/SLICE_360" arg5="OFX1" arg6="rc_receiver/SLICE_360" arg7="DI1" arg8="rc_receiver/n17131"  />
    <postMsg mid="62001131" type="Warning" dynamic="9" navigation="0" arg0="-0.361" arg1="0" arg2="1" arg3="1" arg4="rc_receiver/SLICE_359" arg5="OFX1" arg6="rc_receiver/SLICE_359" arg7="DI1" arg8="rc_receiver/n17128"  />
    <postMsg mid="62001131" type="Warning" dynamic="9" navigation="0" arg0="-0.493" arg1="0" arg2="1" arg3="1" arg4="protocol_interface/uart_output/SLICE_339" arg5="OFX0" arg6="protocol_interface/uart_output/SLICE_339" arg7="DI0" arg8="protocol_interface/uart_output/n17799"  />
. . .
----------------------------------
Info: Total 31 connections where the hold timing errors associated cannot be fixed.

Level 4, iteration 0
Level 4, iteration 1
9(0.00%) conflicts; 5(0.10%) untouched conns; 78 (nbr) score; 
Estimated worst slack/total negative slack<hold >: -0.013ns/-0.079ns; real time: 20 secs 
Level 4, iteration 2
0(0.00%) conflict; 8(0.16%) untouched conns; 78 (nbr) score; 
Estimated worst slack/total negative slack<hold >: -0.013ns/-0.079ns; real time: 20 secs 
Level 4, iteration 0
0(0.00%) conflict; 8(0.16%) untouched conns; 0 (nbr) score; 
Estimated worst slack/total negative slack<setup>: 64.499ns/0.000ns; real time: 20 secs 
Level 4, iteration 1
0(0.00%) conflict; 0(0.00%) untouched conn; 0 (nbr) score; 
Estimated worst slack/total negative slack<setup>: 64.492ns/0.000ns; real time: 20 secs 
    <postMsg mid="62001131" type="Warning" dynamic="9" navigation="0" arg0="-0.008" arg1="0" arg2="1" arg3="1" arg4="rc_receiver/SLICE_355" arg5="OFX0" arg6="rc_receiver/SLICE_355" arg7="FXB" arg8="rc_receiver/n17115"  />
    <postMsg mid="62001131" type="Warning" dynamic="9" navigation="0" arg0="-0.008" arg1="0" arg2="1" arg3="1" arg4="rc_receiver/SLICE_356" arg5="OFX0" arg6="rc_receiver/SLICE_356" arg7="FXB" arg8="rc_receiver/n17118"  />
    <postMsg mid="62001131" type="Warning" dynamic="9" navigation="0" arg0="-0.013" arg1="0" arg2="1" arg3="1" arg4="rc_receiver/i13839/SLICE_406" arg5="OFX0" arg6="rc_receiver/SLICE_355" arg7="FXA" arg8="rc_receiver/n17114"  />
    <postMsg mid="62001131" type="Warning" dynamic="9" navigation="0" arg0="-0.013" arg1="0" arg2="1" arg3="1" arg4="rc_receiver/SLICE_355" arg5="OFX1" arg6="rc_receiver/SLICE_355" arg7="DI1" arg8="rc_receiver/n17116"  />
    <postMsg mid="62001131" type="Warning" dynamic="9" navigation="0" arg0="-0.008" arg1="0" arg2="1" arg3="1" arg4="rc_receiver/SLICE_356" arg5="OFX1" arg6="rc_receiver/SLICE_356" arg7="DI1" arg8="rc_receiver/n17119"  />
----------------------------------
Info: Total 5 connections where the hold timing errors associated cannot be fixed.

Level 4, iteration 0
0(0.00%) conflict; 0(0.00%) untouched conn; 78 (nbr) score; 
Estimated worst slack/total negative slack<hold >: -0.013ns/-0.079ns; real time: 20 secs 
Level 4, iteration 1
0(0.00%) conflict; 0(0.00%) untouched conn; 0 (nbr) score; 
Estimated worst slack/total negative slack<hold >: 0.104ns/0.000ns; real time: 20 secs 
Level 4, iteration 0
0(0.00%) conflict; 0(0.00%) untouched conn; 0 (nbr) score; 
Estimated worst slack/total negative slack<setup>: 64.492ns/0.000ns; real time: 21 secs 
Level 4, iteration 1
0(0.00%) conflict; 0(0.00%) untouched conn; 0 (nbr) score; 
Estimated worst slack/total negative slack<setup>: 64.492ns/0.000ns; real time: 21 secs 

Start NBR section for re-routing at Sun Jan 10 00:39:50 PST 2016
Level 4, iteration 1
0(0.00%) conflict; 0(0.00%) untouched conn; 0 (nbr) score; 
Estimated worst slack/total negative slack<setup>: 64.512ns/0.000ns; real time: 21 secs 

Start NBR section for post-routing at Sun Jan 10 00:39:50 PST 2016

End NBR router with 0 unrouted connection

NBR Summary
-----------
  Number of unrouted connections : 0 (0.00%)
  Number of connections with timing violations : 0 (0.00%)
  Estimated worst slack<setup> : 64.512ns
  Timing score<setup> : 0
-----------
Notes: The timing info is calculated for SETUP only and all PAR_ADJs are ignored.



Total CPU time 22 secs 
Total REAL time: 23 secs 
Completely routed.
End of route.  4865 routed (100.00%); 0 unrouted.
Checking DRC ... 
No errors found.

Hold time timing score: 0, hold timing errors: 0

Timing score: 0 

Dumping design to file Uniboard_verilog_impl1.dir/5_1.ncd.


PAR_SUMMARY::Run status = completed
PAR_SUMMARY::Number of unrouted conns = 0
PAR_SUMMARY::Worst  slack<setup/<ns>> = 64.512
PAR_SUMMARY::Timing score<setup/<ns>> = 0.000
PAR_SUMMARY::Worst  slack<hold /<ns>> = 0.109
PAR_SUMMARY::Timing score<hold /<ns>> = 0.000
PAR_SUMMARY::Number of errors = 0

Total CPU  time to completion: 23 secs 
Total REAL time to completion: 24 secs 

par done!

Copyright (c) 1991-1994 by NeoCAD Inc. All rights reserved.
Copyright (c) 1995 AT&T Corp.   All rights reserved.
Copyright (c) 1995-2001 Lucent Technologies Inc.  All rights reserved.
Copyright (c) 2001 Agere Systems   All rights reserved.
Copyright (c) 2002-2014 Lattice Semiconductor Corporation,  All rights reserved.
Exiting par with exit code 0
Exiting mpartrce with exit code 0

bitgen -f "Uniboard_verilog_impl1.t2b" -w "Uniboard_verilog_impl1.ncd" -jedec "Uniboard_verilog_impl1.prf"


BITGEN: Bitstream Generator Diamond (64-bit) 3.4.1.213
Copyright (c) 1991-1994 by NeoCAD Inc. All rights reserved.
Copyright (c) 1995 AT&T Corp.   All rights reserved.
Copyright (c) 1995-2001 Lucent Technologies Inc.  All rights reserved.
Copyright (c) 2001 Agere Systems   All rights reserved.
Copyright (c) 2002-2014 Lattice Semiconductor Corporation,  All rights reserved.


Loading design for application Bitgen from file Uniboard_verilog_impl1.ncd.
Design name: UniboardTop
NCD version: 3.3
Vendor:      LATTICE
Device:      LCMXO2-7000HC
Package:     TQFP144
Performance: 4
Loading device for application Bitgen from file 'xo2c7000.nph' in environment: /usr/local/diamond/3.4_x64/ispfpga.
Package Status:                     Final          Version 1.39.
Performance Hardware Data Status:   Final          Version 30.4.

Running DRC.
DRC detected 0 errors and 0 warnings.
Reading Preference File from Uniboard_verilog_impl1.prf.

Preference Summary:
+---------------------------------+---------------------------------+
|  Preference                     |  Current Setting                |
+---------------------------------+---------------------------------+
|                         RamCfg  |                        Reset**  |
+---------------------------------+---------------------------------+
|                     MCCLK_FREQ  |                         2.08**  |
+---------------------------------+---------------------------------+
|                  CONFIG_SECURE  |                          OFF**  |
+---------------------------------+---------------------------------+
|                      JTAG_PORT  |                       ENABLE**  |
+---------------------------------+---------------------------------+
|                       SDM_PORT  |                      DISABLE**  |
+---------------------------------+---------------------------------+
|                 SLAVE_SPI_PORT  |                      DISABLE**  |
+---------------------------------+---------------------------------+
|                MASTER_SPI_PORT  |                      DISABLE**  |
+---------------------------------+---------------------------------+
|                       I2C_PORT  |                      DISABLE**  |
+---------------------------------+---------------------------------+
|        MUX_CONFIGURATION_PORTS  |                      DISABLE**  |
+---------------------------------+---------------------------------+
|                  CONFIGURATION  |                          CFG**  |
+---------------------------------+---------------------------------+
|                COMPRESS_CONFIG  |                           ON**  |
+---------------------------------+---------------------------------+
|                        MY_ASSP  |                          OFF**  |
+---------------------------------+---------------------------------+
|               ONE_TIME_PROGRAM  |                          OFF**  |
+---------------------------------+---------------------------------+
|                 ENABLE_TRANSFR  |                      DISABLE**  |
+---------------------------------+---------------------------------+
|                  SHAREDEBRINIT  |                      DISABLE**  |
+---------------------------------+---------------------------------+
 *  Default setting.
 ** The specified setting matches the default setting.


Creating bit map...
 
Bitstream Status: Final           Version 1.86.
 
Saving bit stream in "Uniboard_verilog_impl1.jed".
 
===========
UFM Summary.
===========
UFM Size:        2046 Pages (128*2046 Bits).
UFM Utilization: General Purpose Flash Memory.
 
Available General Purpose Flash Memory: 2046 Pages (Page 0 to Page 2045).
Initialized UFM Pages:                     0 Page.
 
