
         Lattice Mapping Report File for Design Module 'UniboardTop'


Design Information
------------------

Command line:   map -a MachXO2 -p LCMXO2-7000HC -t TQFP144 -s 4 -oc Commercial
     Uniboard_verilog_impl1.ngd -o Uniboard_verilog_impl1_map.ncd -pr
     Uniboard_verilog_impl1.prf -mp Uniboard_verilog_impl1.mrp -lpf
     /home/nick/Desktop/nickfolder/documents/projects/in-progress/project 5l -
     OSURC Rover 2016/electrical/uniboard/software/hdl-verilog/impl1/Uniboard_ve
     rilog_impl1.lpf -lpf
     /home/nick/Desktop/nickfolder/documents/projects/in-progress/project 5l -
     OSURC Rover
     2016/electrical/uniboard/software/hdl-verilog/Uniboard_verilog.lpf -c 0
     -gui 
Target Vendor:  LATTICE
Target Device:  LCMXO2-7000HCTQFP144
Target Performance:   4
Mapper:  xo2c00,  version:  Diamond (64-bit) 3.4.1.213
Mapped on:  01/16/16  19:19:03

Design Summary
--------------

   Number of registers:   1347 out of  7209 (19%)
      PFU registers:         1335 out of  6864 (19%)
      PIO registers:           12 out of   345 (3%)
   Number of SLICEs:      1498 out of  3432 (44%)
      SLICEs as Logic/ROM:   1498 out of  3432 (44%)
      SLICEs as RAM:            0 out of  2574 (0%)
      SLICEs as Carry:        689 out of  3432 (20%)
   Number of LUT4s:        2899 out of  6864 (42%)
      Number of logic LUTs:      1521
      Number of distributed RAM:   0 (0 LUT4s)
      Number of ripple logic:    689 (1378 LUT4s)
      Number of shift registers:   0
   Number of PIO sites used: 62 + 4(JTAG) out of 115 (57%)
   Number of block RAMs:  0 out of 26 (0%)
   Number of GSRs:  0 out of 1 (0%)
   EFB used :       No
   JTAG used :      No
   Readback used :  No
   Oscillator used :  No
   Startup used :   No
   POR :            On
   Bandgap :        On
   Number of Power Controller:  0 out of 1 (0%)
   Number of Dynamic Bank Controller (BCINRD):  0 out of 6 (0%)
   Number of Dynamic Bank Controller (BCLVDSO):  0 out of 1 (0%)
   Number of DCCA:  0 out of 8 (0%)
   Number of DCMA:  0 out of 2 (0%)
   Number of PLLs:  0 out of 2 (0%)
   Number of DQSDLLs:  0 out of 2 (0%)
   Number of CLKDIVC:  0 out of 4 (0%)
   Number of ECLKSYNCA:  0 out of 4 (0%)
   Number of ECLKBRIDGECS:  0 out of 2 (0%)
   Notes:-
      1. Total number of LUT4s = (Number of logic LUT4s) + 2*(Number of
     distributed RAMs) + 2*(Number of ripple logic)
      2. Number of logic LUT4s does not include count of distributed RAM and

                                    Page 1




Design:  UniboardTop                                   Date:  01/16/16  19:19:03

Design Summary (cont)
---------------------
     ripple logic.
   Number of clocks:  3
     Net debug_c_c: 820 loads, 820 rising, 0 falling (Driver: PIO clk_12MHz )
     Net select[7]: 9 loads, 9 rising, 0 falling (Driver:
     protocol_interface/select__i7 )
     Net \protocol_interface/uart_output/bclk: 9 loads, 9 rising, 0 falling
     (Driver: protocol_interface/uart_output/baud_gen/clk_o_14 )
   Number of Clock Enables:  66
     Net motor_pwm/n12065: 9 loads, 9 LSLICEs
     Net motor_pwm/n28895: 4 loads, 4 LSLICEs
     Net motor_pwm/n12532: 1 loads, 1 LSLICEs
     Net motor_pwm/n28894: 4 loads, 4 LSLICEs
     Net motor_pwm/n20619: 1 loads, 1 LSLICEs
     Net n10489: 4 loads, 4 LSLICEs
     Net n28893: 82 loads, 74 LSLICEs
     Net n10501: 4 loads, 4 LSLICEs
     Net n30: 8 loads, 8 LSLICEs
     Net n11908: 33 loads, 33 LSLICEs
     Net n28888: 4 loads, 4 LSLICEs
     Net n28981: 8 loads, 8 LSLICEs
     Net n12064: 6 loads, 6 LSLICEs
     Net n12754: 3 loads, 3 LSLICEs
     Net arm_y/n12916: 34 loads, 34 LSLICEs
     Net arm_y/n20621: 1 loads, 1 LSLICEs
     Net arm_y/n12398: 11 loads, 11 LSLICEs
     Net arm_y/n20627: 1 loads, 1 LSLICEs
     Net n7840: 7 loads, 7 LSLICEs
     Net arm_y/n28915: 4 loads, 4 LSLICEs
     Net arm_y/step_clk_gen/n28889: 16 loads, 16 LSLICEs
     Net protocol_interface/n2535: 5 loads, 5 LSLICEs
     Net protocol_interface/n28951: 4 loads, 4 LSLICEs
     Net n7844: 4 loads, 4 LSLICEs
     Net protocol_interface/n28949: 3 loads, 3 LSLICEs
     Net protocol_interface/n11974: 12 loads, 12 LSLICEs
     Net protocol_interface/n2537: 16 loads, 16 LSLICEs
     Net n12042: 21 loads, 21 LSLICEs
     Net n12230: 13 loads, 13 LSLICEs
     Net n28910: 6 loads, 6 LSLICEs
     Net n12590: 34 loads, 34 LSLICEs
     Net protocol_interface/n25036: 1 loads, 1 LSLICEs
     Net protocol_interface/n7978: 14 loads, 14 LSLICEs
     Net protocol_interface/uart_output/n7976: 4 loads, 4 LSLICEs
     Net protocol_interface/uart_output/n28759: 1 loads, 1 LSLICEs
     Net protocol_interface/uart_output/n12170: 2 loads, 2 LSLICEs
     Net protocol_interface/uart_output/n17: 1 loads, 1 LSLICEs
     Net global_control/n7991: 21 loads, 21 LSLICEs
     Net global_control/n25733: 1 loads, 1 LSLICEs
     Net arm_a/n12262: 3 loads, 3 LSLICEs
     Net arm_a/n12091: 5 loads, 5 LSLICEs
     Net arm_a/n20613: 1 loads, 1 LSLICEs
     Net arm_a/step_clk_gen/n28890: 16 loads, 16 LSLICEs
     Net n11947: 34 loads, 34 LSLICEs
     Net arm_z/n12086: 3 loads, 3 LSLICEs
     Net arm_z/n12338: 2 loads, 2 LSLICEs
     Net arm_z/n12324: 13 loads, 13 LSLICEs
     Net arm_z/n20625: 1 loads, 1 LSLICEs

                                    Page 2




Design:  UniboardTop                                   Date:  01/16/16  19:19:03

Design Summary (cont)
---------------------
     Net arm_z/step_clk_gen/n28891: 16 loads, 16 LSLICEs
     Net n24993: 1 loads, 1 LSLICEs
     Net n24976: 1 loads, 1 LSLICEs
     Net n24988: 1 loads, 1 LSLICEs
     Net n24998: 1 loads, 1 LSLICEs
     Net n24991: 1 loads, 1 LSLICEs
     Net n11996: 4 loads, 4 LSLICEs
     Net n11997: 4 loads, 4 LSLICEs
     Net n26690: 1 loads, 1 LSLICEs
     Net n12104: 4 loads, 4 LSLICEs
     Net n12804: 4 loads, 4 LSLICEs
     Net n12807: 4 loads, 4 LSLICEs
     Net arm_x/n12075: 2 loads, 2 LSLICEs
     Net arm_x/n12444: 12 loads, 12 LSLICEs
     Net arm_x/n12: 1 loads, 1 LSLICEs
     Net arm_x/n28896: 6 loads, 6 LSLICEs
     Net arm_x/n28897: 3 loads, 3 LSLICEs
     Net arm_x/step_clk_gen/n28892: 16 loads, 16 LSLICEs
   Number of LSRs:  46
     Net n30649: 31 loads, 31 LSLICEs
     Net n30653: 27 loads, 27 LSLICEs
     Net n8044: 8 loads, 8 LSLICEs
     Net motor_pwm/right/n8023: 7 loads, 7 LSLICEs
     Net n14286: 4 loads, 4 LSLICEs
     Net n14439: 4 loads, 4 LSLICEs
     Net motor_pwm/left/n8019: 6 loads, 6 LSLICEs
     Net n30648: 30 loads, 30 LSLICEs
     Net n30650: 30 loads, 30 LSLICEs
     Net n30651: 28 loads, 28 LSLICEs
     Net n30652: 29 loads, 29 LSLICEs
     Net n28991: 10 loads, 10 LSLICEs
     Net n14053: 4 loads, 4 LSLICEs
     Net arm_y/n9602: 1 loads, 1 LSLICEs
     Net n8050: 8 loads, 8 LSLICEs
     Net arm_y/step_clk_gen/n28889: 17 loads, 17 LSLICEs
     Net arm_y/step_clk_gen/n14372: 16 loads, 16 LSLICEs
     Net protocol_interface/n30646: 29 loads, 29 LSLICEs
     Net protocol_interface/n28952: 23 loads, 23 LSLICEs
     Net protocol_interface/n28925: 2 loads, 2 LSLICEs
     Net n8040: 3 loads, 3 LSLICEs
     Net protocol_interface/n14029: 2 loads, 2 LSLICEs
     Net protocol_interface/n14391: 3 loads, 3 LSLICEs
     Net n28929: 11 loads, 11 LSLICEs
     Net n14379: 1 loads, 1 LSLICEs
     Net n14380: 1 loads, 1 LSLICEs
     Net protocol_interface/uart_output/baud_gen/n14360: 17 loads, 17 LSLICEs
     Net protocol_interface/uart_input/baud_reset: 1 loads, 1 LSLICEs
     Net protocol_interface/uart_input/n2683: 17 loads, 17 LSLICEs
     Net global_control/uptime_div/n2591: 17 loads, 17 LSLICEs
     Net arm_a/n9598: 1 loads, 1 LSLICEs
     Net arm_a/step_clk_gen/n28890: 17 loads, 17 LSLICEs
     Net arm_a/step_clk_gen/n14388: 16 loads, 16 LSLICEs
     Net arm_z/n9600: 1 loads, 1 LSLICEs
     Net n28955: 8 loads, 8 LSLICEs
     Net arm_z/step_clk_gen/n28891: 17 loads, 17 LSLICEs
     Net arm_z/step_clk_gen/n14373: 16 loads, 16 LSLICEs

                                    Page 3




Design:  UniboardTop                                   Date:  01/16/16  19:19:03

Design Summary (cont)
---------------------
     Net pwm_clk_div/n2546: 17 loads, 17 LSLICEs
     Net arm_x/n9604: 1 loads, 1 LSLICEs
     Net arm_x/step_clk_gen/n28892: 17 loads, 17 LSLICEs
     Net arm_x/step_clk_gen/n14058: 16 loads, 16 LSLICEs
     Net rc_receiver/recv_ch8/n14108: 4 loads, 4 LSLICEs
     Net rc_receiver/recv_ch7/n14087: 4 loads, 4 LSLICEs
     Net rc_receiver/recv_ch3/n14417: 4 loads, 4 LSLICEs
     Net rc_receiver/recv_ch2/n14411: 4 loads, 4 LSLICEs
     Net rc_receiver/recv_ch1/n14414: 4 loads, 4 LSLICEs
   Number of nets driven by tri-state buffers:  0
   Top 10 highest fanout non-clock nets:
     Net register_addr_0: 212 loads
     Net register_addr_1: 137 loads
     Net n28893: 91 loads
     Net rw: 89 loads
     Net n30647: 63 loads
     Net protocol_interface/n1314: 60 loads
     Net n29025: 49 loads
     Net protocol_interface/n1315: 45 loads
     Net n29011: 43 loads
     Net protocol_interface/n1305: 41 loads




   Number of warnings:  12
   Number of errors:    0
     

Design Errors/Warnings
----------------------

WARNING - map: input pad net 'encoder_ra' has no legal load.
WARNING - map: input pad net 'encoder_rb' has no legal load.
WARNING - map: input pad net 'encoder_ri' has no legal load.
WARNING - map: input pad net 'encoder_la' has no legal load.
WARNING - map: input pad net 'encoder_lb' has no legal load.
WARNING - map: input pad net 'encoder_li' has no legal load.
WARNING - map: IO buffer missing for top level port encoder_ra...logic will be
     discarded.
WARNING - map: IO buffer missing for top level port encoder_rb...logic will be
     discarded.
WARNING - map: IO buffer missing for top level port encoder_ri...logic will be
     discarded.
WARNING - map: IO buffer missing for top level port encoder_la...logic will be
     discarded.
WARNING - map: IO buffer missing for top level port encoder_lb...logic will be
     discarded.
WARNING - map: IO buffer missing for top level port encoder_li...logic will be
     discarded.

IO (PIO) Attributes
-------------------

+---------------------+-----------+-----------+------------+
| IO Name             | Direction | Levelmode | IO         |

                                    Page 4




Design:  UniboardTop                                   Date:  01/16/16  19:19:03

IO (PIO) Attributes (cont)
--------------------------
|                     |           |  IO_TYPE  | Register   |
+---------------------+-----------+-----------+------------+
| xbee_pause          | INPUT     | LVCMOS25  |            |
+---------------------+-----------+-----------+------------+
| rc_ch8              | INPUT     | LVCMOS25  | IN         |
+---------------------+-----------+-----------+------------+
| rc_ch7              | INPUT     | LVCMOS25  | IN         |
+---------------------+-----------+-----------+------------+
| rc_ch4              | INPUT     | LVCMOS25  | IN         |
+---------------------+-----------+-----------+------------+
| rc_ch3              | INPUT     | LVCMOS25  | IN         |
+---------------------+-----------+-----------+------------+
| rc_ch2              | INPUT     | LVCMOS25  | IN         |
+---------------------+-----------+-----------+------------+
| rc_ch1              | INPUT     | LVCMOS25  | IN         |
+---------------------+-----------+-----------+------------+
| limit[0]            | INPUT     | LVCMOS25  |            |
+---------------------+-----------+-----------+------------+
| limit[1]            | INPUT     | LVCMOS25  |            |
+---------------------+-----------+-----------+------------+
| limit[2]            | INPUT     | LVCMOS25  |            |
+---------------------+-----------+-----------+------------+
| limit[3]            | INPUT     | LVCMOS25  |            |
+---------------------+-----------+-----------+------------+
| Stepper_A_nFault    | INPUT     | LVCMOS25  | IN         |
+---------------------+-----------+-----------+------------+
| Stepper_Z_nFault    | INPUT     | LVCMOS25  | IN         |
+---------------------+-----------+-----------+------------+
| Stepper_Y_nFault    | INPUT     | LVCMOS25  | IN         |
+---------------------+-----------+-----------+------------+
| Stepper_X_nFault    | INPUT     | LVCMOS25  | IN         |
+---------------------+-----------+-----------+------------+
| clk_12MHz           | INPUT     | LVCMOS25  |            |
+---------------------+-----------+-----------+------------+
| uart_rx             | INPUT     | LVCMOS25  |            |
+---------------------+-----------+-----------+------------+
| debug[0]            | OUTPUT    | LVCMOS25  |            |
+---------------------+-----------+-----------+------------+
| debug[1]            | OUTPUT    | LVCMOS25  |            |
+---------------------+-----------+-----------+------------+
| debug[2]            | OUTPUT    | LVCMOS25  |            |
+---------------------+-----------+-----------+------------+
| debug[3]            | OUTPUT    | LVCMOS25  |            |
+---------------------+-----------+-----------+------------+
| debug[4]            | OUTPUT    | LVCMOS25  |            |
+---------------------+-----------+-----------+------------+
| debug[5]            | OUTPUT    | LVCMOS25  |            |
+---------------------+-----------+-----------+------------+
| debug[6]            | OUTPUT    | LVCMOS25  |            |
+---------------------+-----------+-----------+------------+
| debug[7]            | OUTPUT    | LVCMOS25  |            |
+---------------------+-----------+-----------+------------+
| debug[8]            | OUTPUT    | LVCMOS25  |            |
+---------------------+-----------+-----------+------------+
| motor_pwm_r         | OUTPUT    | LVCMOS25  | OUT        |
+---------------------+-----------+-----------+------------+

                                    Page 5




Design:  UniboardTop                                   Date:  01/16/16  19:19:03

IO (PIO) Attributes (cont)
--------------------------
| motor_pwm_l         | OUTPUT    | LVCMOS25  | OUT        |
+---------------------+-----------+-----------+------------+
| signal_light        | OUTPUT    | LVCMOS25  |            |
+---------------------+-----------+-----------+------------+
| expansion5          | OUTPUT    | LVCMOS25  |            |
+---------------------+-----------+-----------+------------+
| expansion4          | OUTPUT    | LVCMOS25  |            |
+---------------------+-----------+-----------+------------+
| expansion3          | OUTPUT    | LVCMOS25  |            |
+---------------------+-----------+-----------+------------+
| expansion2          | OUTPUT    | LVCMOS25  |            |
+---------------------+-----------+-----------+------------+
| expansion1          | OUTPUT    | LVCMOS25  |            |
+---------------------+-----------+-----------+------------+
| Stepper_A_En        | OUTPUT    | LVCMOS25  |            |
+---------------------+-----------+-----------+------------+
| Stepper_A_M2        | OUTPUT    | LVCMOS25  |            |
+---------------------+-----------+-----------+------------+
| Stepper_A_M1        | OUTPUT    | LVCMOS25  |            |
+---------------------+-----------+-----------+------------+
| Stepper_A_M0        | OUTPUT    | LVCMOS25  |            |
+---------------------+-----------+-----------+------------+
| Stepper_A_Dir       | OUTPUT    | LVCMOS25  |            |
+---------------------+-----------+-----------+------------+
| Stepper_A_Step      | OUTPUT    | LVCMOS25  |            |
+---------------------+-----------+-----------+------------+
| Stepper_Z_En        | OUTPUT    | LVCMOS25  |            |
+---------------------+-----------+-----------+------------+
| Stepper_Z_M2        | OUTPUT    | LVCMOS25  |            |
+---------------------+-----------+-----------+------------+
| Stepper_Z_M1        | OUTPUT    | LVCMOS25  |            |
+---------------------+-----------+-----------+------------+
| Stepper_Z_M0        | OUTPUT    | LVCMOS25  |            |
+---------------------+-----------+-----------+------------+
| Stepper_Z_Dir       | OUTPUT    | LVCMOS25  |            |
+---------------------+-----------+-----------+------------+
| Stepper_Z_Step      | OUTPUT    | LVCMOS25  |            |
+---------------------+-----------+-----------+------------+
| Stepper_Y_En        | OUTPUT    | LVCMOS25  |            |
+---------------------+-----------+-----------+------------+
| Stepper_Y_M2        | OUTPUT    | LVCMOS25  |            |
+---------------------+-----------+-----------+------------+
| Stepper_Y_M1        | OUTPUT    | LVCMOS25  |            |
+---------------------+-----------+-----------+------------+
| Stepper_Y_M0        | OUTPUT    | LVCMOS25  |            |
+---------------------+-----------+-----------+------------+
| Stepper_Y_Dir       | OUTPUT    | LVCMOS25  |            |
+---------------------+-----------+-----------+------------+
| Stepper_Y_Step      | OUTPUT    | LVCMOS25  |            |
+---------------------+-----------+-----------+------------+
| Stepper_X_En        | OUTPUT    | LVCMOS25  |            |
+---------------------+-----------+-----------+------------+
| Stepper_X_M2        | OUTPUT    | LVCMOS25  |            |
+---------------------+-----------+-----------+------------+
| Stepper_X_M1        | OUTPUT    | LVCMOS25  |            |
+---------------------+-----------+-----------+------------+

                                    Page 6




Design:  UniboardTop                                   Date:  01/16/16  19:19:03

IO (PIO) Attributes (cont)
--------------------------
| Stepper_X_M0        | OUTPUT    | LVCMOS25  |            |
+---------------------+-----------+-----------+------------+
| Stepper_X_Dir       | OUTPUT    | LVCMOS25  |            |
+---------------------+-----------+-----------+------------+
| Stepper_X_Step      | OUTPUT    | LVCMOS25  |            |
+---------------------+-----------+-----------+------------+
| status_led[0]       | OUTPUT    | LVCMOS25  |            |
+---------------------+-----------+-----------+------------+
| status_led[1]       | OUTPUT    | LVCMOS25  |            |
+---------------------+-----------+-----------+------------+
| status_led[2]       | OUTPUT    | LVCMOS25  |            |
+---------------------+-----------+-----------+------------+
| uart_tx             | OUTPUT    | LVCMOS25  |            |
+---------------------+-----------+-----------+------------+

Removed logic
-------------

Block GSR_INST undriven or does not drive anything - clipped.
Signal rc_receiver/recv_ch1/add_1469_1/S0 undriven or does not drive anything -
     clipped.
Signal rc_receiver/recv_ch1/add_1469_1/CI undriven or does not drive anything -
     clipped.
Signal rc_receiver/recv_ch1/add_1469_17/S1 undriven or does not drive anything -
     clipped.
Signal rc_receiver/recv_ch1/add_1469_17/CO undriven or does not drive anything -
     clipped.
Signal rc_receiver/recv_ch1/sub_56_add_2_1/S0 undriven or does not drive
     anything - clipped.
Signal rc_receiver/recv_ch1/sub_56_add_2_1/CI undriven or does not drive
     anything - clipped.
Signal rc_receiver/recv_ch1/sub_56_add_2_9/S1 undriven or does not drive
     anything - clipped.
Signal rc_receiver/recv_ch1/sub_56_add_2_9/CO undriven or does not drive
     anything - clipped.
Signal rc_receiver/recv_ch2/sub_57_add_2_1/S0 undriven or does not drive
     anything - clipped.
Signal rc_receiver/recv_ch2/sub_57_add_2_1/CI undriven or does not drive
     anything - clipped.
Signal rc_receiver/recv_ch2/sub_57_add_2_9/S1 undriven or does not drive
     anything - clipped.
Signal rc_receiver/recv_ch2/sub_57_add_2_9/CO undriven or does not drive
     anything - clipped.
Signal rc_receiver/recv_ch2/add_1473_1/S0 undriven or does not drive anything -
     clipped.
Signal rc_receiver/recv_ch2/add_1473_1/CI undriven or does not drive anything -
     clipped.
Signal rc_receiver/recv_ch2/add_1473_17/S1 undriven or does not drive anything -
     clipped.
Signal rc_receiver/recv_ch2/add_1473_17/CO undriven or does not drive anything -
     clipped.
Signal rc_receiver/recv_ch3/sub_58_add_2_1/S0 undriven or does not drive
     anything - clipped.
Signal rc_receiver/recv_ch3/sub_58_add_2_1/CI undriven or does not drive
     anything - clipped.
Signal rc_receiver/recv_ch3/sub_58_add_2_9/S1 undriven or does not drive

                                    Page 7




Design:  UniboardTop                                   Date:  01/16/16  19:19:03

Removed logic (cont)
--------------------
     anything - clipped.
Signal rc_receiver/recv_ch3/sub_58_add_2_9/CO undriven or does not drive
     anything - clipped.
Signal rc_receiver/recv_ch3/add_1477_1/S0 undriven or does not drive anything -
     clipped.
Signal rc_receiver/recv_ch3/add_1477_1/CI undriven or does not drive anything -
     clipped.
Signal rc_receiver/recv_ch3/add_1477_17/S1 undriven or does not drive anything -
     clipped.
Signal rc_receiver/recv_ch3/add_1477_17/CO undriven or does not drive anything -
     clipped.
Signal rc_receiver/recv_ch4/add_1481_1/S0 undriven or does not drive anything -
     clipped.
Signal rc_receiver/recv_ch4/add_1481_1/CI undriven or does not drive anything -
     clipped.
Signal rc_receiver/recv_ch4/sub_59_add_2_1/S0 undriven or does not drive
     anything - clipped.
Signal rc_receiver/recv_ch4/sub_59_add_2_1/CI undriven or does not drive
     anything - clipped.
Signal rc_receiver/recv_ch4/sub_59_add_2_9/S1 undriven or does not drive
     anything - clipped.
Signal rc_receiver/recv_ch4/sub_59_add_2_9/CO undriven or does not drive
     anything - clipped.
Signal rc_receiver/recv_ch4/add_1481_17/S1 undriven or does not drive anything -
     clipped.
Signal rc_receiver/recv_ch4/add_1481_17/CO undriven or does not drive anything -
     clipped.
Signal rc_receiver/recv_ch7/add_1485_17/S1 undriven or does not drive anything -
     clipped.
Signal rc_receiver/recv_ch7/add_1485_17/CO undriven or does not drive anything -
     clipped.
Signal rc_receiver/recv_ch7/sub_60_add_2_1/S0 undriven or does not drive
     anything - clipped.
Signal rc_receiver/recv_ch7/sub_60_add_2_1/CI undriven or does not drive
     anything - clipped.
Signal rc_receiver/recv_ch7/sub_60_add_2_9/S1 undriven or does not drive
     anything - clipped.
Signal rc_receiver/recv_ch7/sub_60_add_2_9/CO undriven or does not drive
     anything - clipped.
Signal rc_receiver/recv_ch7/add_1485_1/S0 undriven or does not drive anything -
     clipped.
Signal rc_receiver/recv_ch7/add_1485_1/CI undriven or does not drive anything -
     clipped.
Signal rc_receiver/recv_ch8/add_1489_1/S0 undriven or does not drive anything -
     clipped.
Signal rc_receiver/recv_ch8/add_1489_1/CI undriven or does not drive anything -
     clipped.
Signal rc_receiver/recv_ch8/sub_61_add_2_1/S0 undriven or does not drive
     anything - clipped.
Signal rc_receiver/recv_ch8/sub_61_add_2_1/CI undriven or does not drive
     anything - clipped.
Signal rc_receiver/recv_ch8/sub_61_add_2_9/S1 undriven or does not drive
     anything - clipped.
Signal rc_receiver/recv_ch8/sub_61_add_2_9/CO undriven or does not drive
     anything - clipped.
Signal rc_receiver/recv_ch8/add_1489_17/S1 undriven or does not drive anything -

                                    Page 8




Design:  UniboardTop                                   Date:  01/16/16  19:19:03

Removed logic (cont)
--------------------
     clipped.
Signal rc_receiver/recv_ch8/add_1489_17/CO undriven or does not drive anything -
     clipped.
Signal arm_x/step_clk_gen/sub_1710_add_2_9/S1 undriven or does not drive
     anything - clipped.
Signal arm_x/step_clk_gen/sub_1710_add_2_9/S0 undriven or does not drive
     anything - clipped.
Signal arm_x/step_clk_gen/sub_1710_add_2_11/S1 undriven or does not drive
     anything - clipped.
Signal arm_x/step_clk_gen/sub_1710_add_2_11/S0 undriven or does not drive
     anything - clipped.
Signal arm_x/step_clk_gen/count_2168_add_4_33/S1 undriven or does not drive
     anything - clipped.
Signal arm_x/step_clk_gen/count_2168_add_4_33/CO undriven or does not drive
     anything - clipped.
Signal arm_x/step_clk_gen/sub_1710_add_2_13/S1 undriven or does not drive
     anything - clipped.
Signal arm_x/step_clk_gen/sub_1710_add_2_13/S0 undriven or does not drive
     anything - clipped.
Signal arm_x/step_clk_gen/sub_1710_add_2_15/S1 undriven or does not drive
     anything - clipped.
Signal arm_x/step_clk_gen/sub_1710_add_2_15/S0 undriven or does not drive
     anything - clipped.
Signal arm_x/step_clk_gen/sub_1710_add_2_17/S1 undriven or does not drive
     anything - clipped.
Signal arm_x/step_clk_gen/sub_1710_add_2_17/S0 undriven or does not drive
     anything - clipped.
Signal arm_x/step_clk_gen/sub_1710_add_2_19/S1 undriven or does not drive
     anything - clipped.
Signal arm_x/step_clk_gen/sub_1710_add_2_19/S0 undriven or does not drive
     anything - clipped.
Signal arm_x/step_clk_gen/sub_1710_add_2_21/S1 undriven or does not drive
     anything - clipped.
Signal arm_x/step_clk_gen/sub_1710_add_2_21/S0 undriven or does not drive
     anything - clipped.
Signal arm_x/step_clk_gen/sub_1710_add_2_23/S1 undriven or does not drive
     anything - clipped.
Signal arm_x/step_clk_gen/sub_1710_add_2_23/S0 undriven or does not drive
     anything - clipped.
Signal arm_x/step_clk_gen/sub_1710_add_2_25/S1 undriven or does not drive
     anything - clipped.
Signal arm_x/step_clk_gen/sub_1710_add_2_25/S0 undriven or does not drive
     anything - clipped.
Signal arm_x/step_clk_gen/sub_1710_add_2_27/S1 undriven or does not drive
     anything - clipped.
Signal arm_x/step_clk_gen/sub_1710_add_2_27/S0 undriven or does not drive
     anything - clipped.
Signal arm_x/step_clk_gen/sub_1710_add_2_29/S1 undriven or does not drive
     anything - clipped.
Signal arm_x/step_clk_gen/sub_1710_add_2_29/S0 undriven or does not drive
     anything - clipped.
Signal arm_x/step_clk_gen/sub_1710_add_2_31/S1 undriven or does not drive
     anything - clipped.
Signal arm_x/step_clk_gen/sub_1710_add_2_31/S0 undriven or does not drive
     anything - clipped.
Signal arm_x/step_clk_gen/sub_1710_add_2_33/S0 undriven or does not drive

                                    Page 9




Design:  UniboardTop                                   Date:  01/16/16  19:19:03

Removed logic (cont)
--------------------
     anything - clipped.
Signal arm_x/step_clk_gen/sub_1710_add_2_33/CO undriven or does not drive
     anything - clipped.
Signal arm_x/step_clk_gen/sub_1713_add_2_1/S1 undriven or does not drive
     anything - clipped.
Signal arm_x/step_clk_gen/sub_1713_add_2_1/S0 undriven or does not drive
     anything - clipped.
Signal arm_x/step_clk_gen/sub_1713_add_2_1/CI undriven or does not drive
     anything - clipped.
Signal arm_x/step_clk_gen/sub_1713_add_2_3/S1 undriven or does not drive
     anything - clipped.
Signal arm_x/step_clk_gen/sub_1713_add_2_3/S0 undriven or does not drive
     anything - clipped.
Signal arm_x/step_clk_gen/sub_1713_add_2_5/S1 undriven or does not drive
     anything - clipped.
Signal arm_x/step_clk_gen/sub_1713_add_2_5/S0 undriven or does not drive
     anything - clipped.
Signal arm_x/step_clk_gen/sub_1713_add_2_7/S1 undriven or does not drive
     anything - clipped.
Signal arm_x/step_clk_gen/sub_1713_add_2_7/S0 undriven or does not drive
     anything - clipped.
Signal arm_x/step_clk_gen/sub_1713_add_2_9/S1 undriven or does not drive
     anything - clipped.
Signal arm_x/step_clk_gen/sub_1713_add_2_9/S0 undriven or does not drive
     anything - clipped.
Signal arm_x/step_clk_gen/sub_1713_add_2_11/S1 undriven or does not drive
     anything - clipped.
Signal arm_x/step_clk_gen/sub_1713_add_2_11/S0 undriven or does not drive
     anything - clipped.
Signal arm_x/step_clk_gen/sub_1713_add_2_13/S1 undriven or does not drive
     anything - clipped.
Signal arm_x/step_clk_gen/sub_1713_add_2_13/S0 undriven or does not drive
     anything - clipped.
Signal arm_x/step_clk_gen/sub_1713_add_2_15/S1 undriven or does not drive
     anything - clipped.
Signal arm_x/step_clk_gen/sub_1713_add_2_15/S0 undriven or does not drive
     anything - clipped.
Signal arm_x/step_clk_gen/sub_7_add_2_1/S0 undriven or does not drive anything -
     clipped.
Signal arm_x/step_clk_gen/sub_7_add_2_1/CI undriven or does not drive anything -
     clipped.
Signal arm_x/step_clk_gen/sub_1713_add_2_17/S1 undriven or does not drive
     anything - clipped.
Signal arm_x/step_clk_gen/sub_1713_add_2_17/S0 undriven or does not drive
     anything - clipped.
Signal arm_x/step_clk_gen/sub_1713_add_2_19/S1 undriven or does not drive
     anything - clipped.
Signal arm_x/step_clk_gen/sub_1713_add_2_19/S0 undriven or does not drive
     anything - clipped.
Signal arm_x/step_clk_gen/sub_1713_add_2_21/S1 undriven or does not drive
     anything - clipped.
Signal arm_x/step_clk_gen/sub_1713_add_2_21/S0 undriven or does not drive
     anything - clipped.
Signal arm_x/step_clk_gen/sub_1713_add_2_23/S1 undriven or does not drive
     anything - clipped.
Signal arm_x/step_clk_gen/sub_1713_add_2_23/S0 undriven or does not drive

                                   Page 10




Design:  UniboardTop                                   Date:  01/16/16  19:19:03

Removed logic (cont)
--------------------
     anything - clipped.
Signal arm_x/step_clk_gen/sub_1713_add_2_25/S1 undriven or does not drive
     anything - clipped.
Signal arm_x/step_clk_gen/sub_1713_add_2_25/S0 undriven or does not drive
     anything - clipped.
Signal arm_x/step_clk_gen/sub_1713_add_2_27/S1 undriven or does not drive
     anything - clipped.
Signal arm_x/step_clk_gen/sub_1713_add_2_27/S0 undriven or does not drive
     anything - clipped.
Signal arm_x/step_clk_gen/sub_1713_add_2_29/S1 undriven or does not drive
     anything - clipped.
Signal arm_x/step_clk_gen/sub_1713_add_2_29/S0 undriven or does not drive
     anything - clipped.
Signal arm_x/step_clk_gen/sub_1713_add_2_31/S1 undriven or does not drive
     anything - clipped.
Signal arm_x/step_clk_gen/sub_1713_add_2_31/S0 undriven or does not drive
     anything - clipped.
Signal arm_x/step_clk_gen/sub_1713_add_2_33/S0 undriven or does not drive
     anything - clipped.
Signal arm_x/step_clk_gen/sub_1713_add_2_33/CO undriven or does not drive
     anything - clipped.
Signal arm_x/step_clk_gen/sub_7_add_2_33/S1 undriven or does not drive anything
     - clipped.
Signal arm_x/step_clk_gen/sub_7_add_2_33/CO undriven or does not drive anything
     - clipped.
Signal arm_x/step_clk_gen/sub_1712_add_2_1/S1 undriven or does not drive
     anything - clipped.
Signal arm_x/step_clk_gen/sub_1712_add_2_1/S0 undriven or does not drive
     anything - clipped.
Signal arm_x/step_clk_gen/sub_1712_add_2_1/CI undriven or does not drive
     anything - clipped.
Signal arm_x/step_clk_gen/sub_1712_add_2_3/S1 undriven or does not drive
     anything - clipped.
Signal arm_x/step_clk_gen/sub_1712_add_2_3/S0 undriven or does not drive
     anything - clipped.
Signal arm_x/step_clk_gen/sub_1712_add_2_5/S1 undriven or does not drive
     anything - clipped.
Signal arm_x/step_clk_gen/sub_1712_add_2_5/S0 undriven or does not drive
     anything - clipped.
Signal arm_x/step_clk_gen/sub_1712_add_2_7/S1 undriven or does not drive
     anything - clipped.
Signal arm_x/step_clk_gen/sub_1712_add_2_7/S0 undriven or does not drive
     anything - clipped.
Signal arm_x/step_clk_gen/sub_1712_add_2_9/S1 undriven or does not drive
     anything - clipped.
Signal arm_x/step_clk_gen/sub_1712_add_2_9/S0 undriven or does not drive
     anything - clipped.
Signal arm_x/step_clk_gen/sub_1712_add_2_11/S1 undriven or does not drive
     anything - clipped.
Signal arm_x/step_clk_gen/sub_1712_add_2_11/S0 undriven or does not drive
     anything - clipped.
Signal arm_x/step_clk_gen/sub_1712_add_2_13/S1 undriven or does not drive
     anything - clipped.
Signal arm_x/step_clk_gen/sub_1712_add_2_13/S0 undriven or does not drive
     anything - clipped.
Signal arm_x/step_clk_gen/sub_1712_add_2_15/S1 undriven or does not drive

                                   Page 11




Design:  UniboardTop                                   Date:  01/16/16  19:19:03

Removed logic (cont)
--------------------
     anything - clipped.
Signal arm_x/step_clk_gen/sub_1712_add_2_15/S0 undriven or does not drive
     anything - clipped.
Signal arm_x/step_clk_gen/sub_1712_add_2_17/S1 undriven or does not drive
     anything - clipped.
Signal arm_x/step_clk_gen/sub_1712_add_2_17/S0 undriven or does not drive
     anything - clipped.
Signal arm_x/step_clk_gen/sub_1712_add_2_19/S1 undriven or does not drive
     anything - clipped.
Signal arm_x/step_clk_gen/sub_1712_add_2_19/S0 undriven or does not drive
     anything - clipped.
Signal arm_x/step_clk_gen/sub_1712_add_2_21/S1 undriven or does not drive
     anything - clipped.
Signal arm_x/step_clk_gen/sub_1712_add_2_21/S0 undriven or does not drive
     anything - clipped.
Signal arm_x/step_clk_gen/sub_1712_add_2_23/S1 undriven or does not drive
     anything - clipped.
Signal arm_x/step_clk_gen/sub_1712_add_2_23/S0 undriven or does not drive
     anything - clipped.
Signal arm_x/step_clk_gen/sub_1712_add_2_25/S1 undriven or does not drive
     anything - clipped.
Signal arm_x/step_clk_gen/sub_1712_add_2_25/S0 undriven or does not drive
     anything - clipped.
Signal arm_x/step_clk_gen/sub_1712_add_2_27/S1 undriven or does not drive
     anything - clipped.
Signal arm_x/step_clk_gen/sub_1712_add_2_27/S0 undriven or does not drive
     anything - clipped.
Signal arm_x/step_clk_gen/sub_1712_add_2_29/S1 undriven or does not drive
     anything - clipped.
Signal arm_x/step_clk_gen/sub_1712_add_2_29/S0 undriven or does not drive
     anything - clipped.
Signal arm_x/step_clk_gen/sub_1712_add_2_31/S1 undriven or does not drive
     anything - clipped.
Signal arm_x/step_clk_gen/sub_1712_add_2_31/S0 undriven or does not drive
     anything - clipped.
Signal arm_x/step_clk_gen/sub_1712_add_2_33/S0 undriven or does not drive
     anything - clipped.
Signal arm_x/step_clk_gen/sub_1712_add_2_33/CO undriven or does not drive
     anything - clipped.
Signal arm_x/step_clk_gen/count_2168_add_4_1/S0 undriven or does not drive
     anything - clipped.
Signal arm_x/step_clk_gen/count_2168_add_4_1/CI undriven or does not drive
     anything - clipped.
Signal arm_x/step_clk_gen/sub_1710_add_2_1/S1 undriven or does not drive
     anything - clipped.
Signal arm_x/step_clk_gen/sub_1710_add_2_1/S0 undriven or does not drive
     anything - clipped.
Signal arm_x/step_clk_gen/sub_1710_add_2_1/CI undriven or does not drive
     anything - clipped.
Signal arm_x/step_clk_gen/sub_1710_add_2_3/S1 undriven or does not drive
     anything - clipped.
Signal arm_x/step_clk_gen/sub_1710_add_2_3/S0 undriven or does not drive
     anything - clipped.
Signal arm_x/step_clk_gen/sub_1710_add_2_5/S1 undriven or does not drive
     anything - clipped.
Signal arm_x/step_clk_gen/sub_1710_add_2_5/S0 undriven or does not drive

                                   Page 12




Design:  UniboardTop                                   Date:  01/16/16  19:19:03

Removed logic (cont)
--------------------
     anything - clipped.
Signal arm_x/step_clk_gen/sub_1710_add_2_7/S1 undriven or does not drive
     anything - clipped.
Signal arm_x/step_clk_gen/sub_1710_add_2_7/S0 undriven or does not drive
     anything - clipped.
Signal arm_x/sub_126_add_2_1/S0 undriven or does not drive anything - clipped.
Signal arm_x/sub_126_add_2_1/CI undriven or does not drive anything - clipped.
Signal arm_x/sub_126_add_2_33/S1 undriven or does not drive anything - clipped.
Signal arm_x/sub_126_add_2_33/CO undriven or does not drive anything - clipped.
Signal pwm_clk_div/add_18237_2/S1 undriven or does not drive anything - clipped.
     
Signal pwm_clk_div/add_18237_2/S0 undriven or does not drive anything - clipped.
     
Signal pwm_clk_div/add_18237_2/CI undriven or does not drive anything - clipped.
     
Signal pwm_clk_div/add_18237_4/S1 undriven or does not drive anything - clipped.
     
Signal pwm_clk_div/add_18237_4/S0 undriven or does not drive anything - clipped.
     
Signal pwm_clk_div/add_18237_6/S1 undriven or does not drive anything - clipped.
     
Signal pwm_clk_div/add_18237_6/S0 undriven or does not drive anything - clipped.
     
Signal pwm_clk_div/add_18237_8/S1 undriven or does not drive anything - clipped.
     
Signal pwm_clk_div/add_18237_8/S0 undriven or does not drive anything - clipped.
     
Signal pwm_clk_div/add_18237_10/S1 undriven or does not drive anything -
     clipped.
Signal pwm_clk_div/add_18237_10/S0 undriven or does not drive anything -
     clipped.
Signal pwm_clk_div/add_18237_12/S1 undriven or does not drive anything -
     clipped.
Signal pwm_clk_div/add_18237_12/S0 undriven or does not drive anything -
     clipped.
Signal pwm_clk_div/add_18237_14/S1 undriven or does not drive anything -
     clipped.
Signal pwm_clk_div/add_18237_14/S0 undriven or does not drive anything -
     clipped.
Signal pwm_clk_div/add_18237_16/S1 undriven or does not drive anything -
     clipped.
Signal pwm_clk_div/add_18237_16/S0 undriven or does not drive anything -
     clipped.
Signal pwm_clk_div/add_18237_18/S1 undriven or does not drive anything -
     clipped.
Signal pwm_clk_div/add_18237_18/S0 undriven or does not drive anything -
     clipped.
Signal pwm_clk_div/add_18237_20/S1 undriven or does not drive anything -
     clipped.
Signal pwm_clk_div/add_18237_20/S0 undriven or does not drive anything -
     clipped.
Signal pwm_clk_div/add_18237_22/S1 undriven or does not drive anything -
     clipped.
Signal pwm_clk_div/add_18237_22/S0 undriven or does not drive anything -
     clipped.
Signal pwm_clk_div/add_18237_24/S1 undriven or does not drive anything -

                                   Page 13




Design:  UniboardTop                                   Date:  01/16/16  19:19:03

Removed logic (cont)
--------------------
     clipped.
Signal pwm_clk_div/add_18237_24/S0 undriven or does not drive anything -
     clipped.
Signal pwm_clk_div/add_18237_26/S1 undriven or does not drive anything -
     clipped.
Signal pwm_clk_div/add_18237_26/S0 undriven or does not drive anything -
     clipped.
Signal pwm_clk_div/add_18237_28/S1 undriven or does not drive anything -
     clipped.
Signal pwm_clk_div/add_18237_28/S0 undriven or does not drive anything -
     clipped.
Signal pwm_clk_div/add_18237_30/S1 undriven or does not drive anything -
     clipped.
Signal pwm_clk_div/add_18237_30/S0 undriven or does not drive anything -
     clipped.
Signal pwm_clk_div/add_18237_32/S0 undriven or does not drive anything -
     clipped.
Signal pwm_clk_div/add_18237_32/CO undriven or does not drive anything -
     clipped.
Signal pwm_clk_div/sub_1705_add_2_2/S1 undriven or does not drive anything -
     clipped.
Signal pwm_clk_div/sub_1705_add_2_2/S0 undriven or does not drive anything -
     clipped.
Signal pwm_clk_div/sub_1705_add_2_2/CI undriven or does not drive anything -
     clipped.
Signal pwm_clk_div/sub_1705_add_2_4/S1 undriven or does not drive anything -
     clipped.
Signal pwm_clk_div/sub_1705_add_2_4/S0 undriven or does not drive anything -
     clipped.
Signal pwm_clk_div/sub_1705_add_2_6/S1 undriven or does not drive anything -
     clipped.
Signal pwm_clk_div/sub_1705_add_2_6/S0 undriven or does not drive anything -
     clipped.
Signal pwm_clk_div/sub_1705_add_2_8/S1 undriven or does not drive anything -
     clipped.
Signal pwm_clk_div/sub_1705_add_2_8/S0 undriven or does not drive anything -
     clipped.
Signal pwm_clk_div/sub_1705_add_2_10/S1 undriven or does not drive anything -
     clipped.
Signal pwm_clk_div/sub_1705_add_2_10/S0 undriven or does not drive anything -
     clipped.
Signal pwm_clk_div/sub_1705_add_2_12/S1 undriven or does not drive anything -
     clipped.
Signal pwm_clk_div/sub_1705_add_2_12/S0 undriven or does not drive anything -
     clipped.
Signal pwm_clk_div/sub_1705_add_2_14/S1 undriven or does not drive anything -
     clipped.
Signal pwm_clk_div/sub_1705_add_2_14/S0 undriven or does not drive anything -
     clipped.
Signal pwm_clk_div/sub_1705_add_2_16/S1 undriven or does not drive anything -
     clipped.
Signal pwm_clk_div/sub_1705_add_2_16/S0 undriven or does not drive anything -
     clipped.
Signal pwm_clk_div/sub_1705_add_2_18/S1 undriven or does not drive anything -
     clipped.
Signal pwm_clk_div/sub_1705_add_2_18/S0 undriven or does not drive anything -

                                   Page 14




Design:  UniboardTop                                   Date:  01/16/16  19:19:03

Removed logic (cont)
--------------------
     clipped.
Signal pwm_clk_div/sub_1705_add_2_20/S1 undriven or does not drive anything -
     clipped.
Signal pwm_clk_div/sub_1705_add_2_20/S0 undriven or does not drive anything -
     clipped.
Signal pwm_clk_div/sub_1705_add_2_22/S1 undriven or does not drive anything -
     clipped.
Signal pwm_clk_div/sub_1705_add_2_22/S0 undriven or does not drive anything -
     clipped.
Signal pwm_clk_div/sub_1705_add_2_24/S1 undriven or does not drive anything -
     clipped.
Signal pwm_clk_div/sub_1705_add_2_24/S0 undriven or does not drive anything -
     clipped.
Signal pwm_clk_div/sub_1705_add_2_26/S1 undriven or does not drive anything -
     clipped.
Signal pwm_clk_div/sub_1705_add_2_26/S0 undriven or does not drive anything -
     clipped.
Signal pwm_clk_div/count_2166_add_4_1/S0 undriven or does not drive anything -
     clipped.
Signal pwm_clk_div/count_2166_add_4_1/CI undriven or does not drive anything -
     clipped.
Signal pwm_clk_div/sub_1705_add_2_28/S1 undriven or does not drive anything -
     clipped.
Signal pwm_clk_div/sub_1705_add_2_28/S0 undriven or does not drive anything -
     clipped.
Signal pwm_clk_div/sub_1705_add_2_30/S1 undriven or does not drive anything -
     clipped.
Signal pwm_clk_div/sub_1705_add_2_30/S0 undriven or does not drive anything -
     clipped.
Signal pwm_clk_div/sub_1705_add_2_32/S1 undriven or does not drive anything -
     clipped.
Signal pwm_clk_div/sub_1705_add_2_32/S0 undriven or does not drive anything -
     clipped.
Signal pwm_clk_div/sub_1705_add_2_cout/S1 undriven or does not drive anything -
     clipped.
Signal pwm_clk_div/sub_1705_add_2_cout/CO undriven or does not drive anything -
     clipped.
Signal pwm_clk_div/count_2166_add_4_33/S1 undriven or does not drive anything -
     clipped.
Signal pwm_clk_div/count_2166_add_4_33/CO undriven or does not drive anything -
     clipped.
Signal arm_z/step_clk_gen/sub_1720_add_2_17/S1 undriven or does not drive
     anything - clipped.
Signal arm_z/step_clk_gen/sub_1720_add_2_17/S0 undriven or does not drive
     anything - clipped.
Signal arm_z/step_clk_gen/sub_1720_add_2_19/S1 undriven or does not drive
     anything - clipped.
Signal arm_z/step_clk_gen/sub_1720_add_2_19/S0 undriven or does not drive
     anything - clipped.
Signal arm_z/step_clk_gen/sub_1720_add_2_21/S1 undriven or does not drive
     anything - clipped.
Signal arm_z/step_clk_gen/sub_1720_add_2_21/S0 undriven or does not drive
     anything - clipped.
Signal arm_z/step_clk_gen/sub_1720_add_2_23/S1 undriven or does not drive
     anything - clipped.
Signal arm_z/step_clk_gen/sub_1720_add_2_23/S0 undriven or does not drive

                                   Page 15




Design:  UniboardTop                                   Date:  01/16/16  19:19:03

Removed logic (cont)
--------------------
     anything - clipped.
Signal arm_z/step_clk_gen/sub_1720_add_2_25/S1 undriven or does not drive
     anything - clipped.
Signal arm_z/step_clk_gen/sub_1720_add_2_25/S0 undriven or does not drive
     anything - clipped.
Signal arm_z/step_clk_gen/sub_1720_add_2_27/S1 undriven or does not drive
     anything - clipped.
Signal arm_z/step_clk_gen/sub_1720_add_2_27/S0 undriven or does not drive
     anything - clipped.
Signal arm_z/step_clk_gen/sub_1720_add_2_29/S1 undriven or does not drive
     anything - clipped.
Signal arm_z/step_clk_gen/sub_1720_add_2_29/S0 undriven or does not drive
     anything - clipped.
Signal arm_z/step_clk_gen/sub_1720_add_2_31/S1 undriven or does not drive
     anything - clipped.
Signal arm_z/step_clk_gen/sub_1720_add_2_31/S0 undriven or does not drive
     anything - clipped.
Signal arm_z/step_clk_gen/sub_1720_add_2_33/S0 undriven or does not drive
     anything - clipped.
Signal arm_z/step_clk_gen/sub_1720_add_2_33/CO undriven or does not drive
     anything - clipped.
Signal arm_z/step_clk_gen/sub_1723_add_2_1/S1 undriven or does not drive
     anything - clipped.
Signal arm_z/step_clk_gen/sub_1723_add_2_1/S0 undriven or does not drive
     anything - clipped.
Signal arm_z/step_clk_gen/sub_1723_add_2_1/CI undriven or does not drive
     anything - clipped.
Signal arm_z/step_clk_gen/sub_1723_add_2_3/S1 undriven or does not drive
     anything - clipped.
Signal arm_z/step_clk_gen/sub_1723_add_2_3/S0 undriven or does not drive
     anything - clipped.
Signal arm_z/step_clk_gen/sub_1723_add_2_5/S1 undriven or does not drive
     anything - clipped.
Signal arm_z/step_clk_gen/sub_1723_add_2_5/S0 undriven or does not drive
     anything - clipped.
Signal arm_z/step_clk_gen/sub_1723_add_2_7/S1 undriven or does not drive
     anything - clipped.
Signal arm_z/step_clk_gen/sub_1723_add_2_7/S0 undriven or does not drive
     anything - clipped.
Signal arm_z/step_clk_gen/sub_1723_add_2_9/S1 undriven or does not drive
     anything - clipped.
Signal arm_z/step_clk_gen/sub_1723_add_2_9/S0 undriven or does not drive
     anything - clipped.
Signal arm_z/step_clk_gen/sub_1723_add_2_11/S1 undriven or does not drive
     anything - clipped.
Signal arm_z/step_clk_gen/sub_1723_add_2_11/S0 undriven or does not drive
     anything - clipped.
Signal arm_z/step_clk_gen/sub_1723_add_2_13/S1 undriven or does not drive
     anything - clipped.
Signal arm_z/step_clk_gen/sub_1723_add_2_13/S0 undriven or does not drive
     anything - clipped.
Signal arm_z/step_clk_gen/sub_1723_add_2_15/S1 undriven or does not drive
     anything - clipped.
Signal arm_z/step_clk_gen/sub_1723_add_2_15/S0 undriven or does not drive
     anything - clipped.
Signal arm_z/step_clk_gen/sub_1723_add_2_17/S1 undriven or does not drive

                                   Page 16




Design:  UniboardTop                                   Date:  01/16/16  19:19:03

Removed logic (cont)
--------------------
     anything - clipped.
Signal arm_z/step_clk_gen/sub_1723_add_2_17/S0 undriven or does not drive
     anything - clipped.
Signal arm_z/step_clk_gen/sub_1723_add_2_19/S1 undriven or does not drive
     anything - clipped.
Signal arm_z/step_clk_gen/sub_1723_add_2_19/S0 undriven or does not drive
     anything - clipped.
Signal arm_z/step_clk_gen/sub_1723_add_2_21/S1 undriven or does not drive
     anything - clipped.
Signal arm_z/step_clk_gen/sub_1723_add_2_21/S0 undriven or does not drive
     anything - clipped.
Signal arm_z/step_clk_gen/sub_1723_add_2_23/S1 undriven or does not drive
     anything - clipped.
Signal arm_z/step_clk_gen/sub_1723_add_2_23/S0 undriven or does not drive
     anything - clipped.
Signal arm_z/step_clk_gen/sub_1723_add_2_25/S1 undriven or does not drive
     anything - clipped.
Signal arm_z/step_clk_gen/sub_1723_add_2_25/S0 undriven or does not drive
     anything - clipped.
Signal arm_z/step_clk_gen/sub_1723_add_2_27/S1 undriven or does not drive
     anything - clipped.
Signal arm_z/step_clk_gen/sub_1723_add_2_27/S0 undriven or does not drive
     anything - clipped.
Signal arm_z/step_clk_gen/sub_1723_add_2_29/S1 undriven or does not drive
     anything - clipped.
Signal arm_z/step_clk_gen/sub_1723_add_2_29/S0 undriven or does not drive
     anything - clipped.
Signal arm_z/step_clk_gen/sub_1723_add_2_31/S1 undriven or does not drive
     anything - clipped.
Signal arm_z/step_clk_gen/sub_1723_add_2_31/S0 undriven or does not drive
     anything - clipped.
Signal arm_z/step_clk_gen/sub_1723_add_2_33/S0 undriven or does not drive
     anything - clipped.
Signal arm_z/step_clk_gen/sub_1723_add_2_33/CO undriven or does not drive
     anything - clipped.
Signal arm_z/step_clk_gen/sub_1722_add_2_1/S1 undriven or does not drive
     anything - clipped.
Signal arm_z/step_clk_gen/sub_1722_add_2_1/S0 undriven or does not drive
     anything - clipped.
Signal arm_z/step_clk_gen/sub_1722_add_2_1/CI undriven or does not drive
     anything - clipped.
Signal arm_z/step_clk_gen/sub_1722_add_2_3/S1 undriven or does not drive
     anything - clipped.
Signal arm_z/step_clk_gen/sub_1722_add_2_3/S0 undriven or does not drive
     anything - clipped.
Signal arm_z/step_clk_gen/sub_1722_add_2_5/S1 undriven or does not drive
     anything - clipped.
Signal arm_z/step_clk_gen/sub_1722_add_2_5/S0 undriven or does not drive
     anything - clipped.
Signal arm_z/step_clk_gen/sub_1722_add_2_7/S1 undriven or does not drive
     anything - clipped.
Signal arm_z/step_clk_gen/sub_1722_add_2_7/S0 undriven or does not drive
     anything - clipped.
Signal arm_z/step_clk_gen/sub_1722_add_2_9/S1 undriven or does not drive
     anything - clipped.
Signal arm_z/step_clk_gen/sub_1722_add_2_9/S0 undriven or does not drive

                                   Page 17




Design:  UniboardTop                                   Date:  01/16/16  19:19:03

Removed logic (cont)
--------------------
     anything - clipped.
Signal arm_z/step_clk_gen/sub_7_add_2_1/S0 undriven or does not drive anything -
     clipped.
Signal arm_z/step_clk_gen/sub_7_add_2_1/CI undriven or does not drive anything -
     clipped.
Signal arm_z/step_clk_gen/count_2170_add_4_1/S0 undriven or does not drive
     anything - clipped.
Signal arm_z/step_clk_gen/count_2170_add_4_1/CI undriven or does not drive
     anything - clipped.
Signal arm_z/step_clk_gen/sub_1722_add_2_11/S1 undriven or does not drive
     anything - clipped.
Signal arm_z/step_clk_gen/sub_1722_add_2_11/S0 undriven or does not drive
     anything - clipped.
Signal arm_z/step_clk_gen/sub_1722_add_2_13/S1 undriven or does not drive
     anything - clipped.
Signal arm_z/step_clk_gen/sub_1722_add_2_13/S0 undriven or does not drive
     anything - clipped.
Signal arm_z/step_clk_gen/sub_1722_add_2_15/S1 undriven or does not drive
     anything - clipped.
Signal arm_z/step_clk_gen/sub_1722_add_2_15/S0 undriven or does not drive
     anything - clipped.
Signal arm_z/step_clk_gen/sub_1722_add_2_17/S1 undriven or does not drive
     anything - clipped.
Signal arm_z/step_clk_gen/sub_1722_add_2_17/S0 undriven or does not drive
     anything - clipped.
Signal arm_z/step_clk_gen/sub_7_add_2_33/S1 undriven or does not drive anything
     - clipped.
Signal arm_z/step_clk_gen/sub_7_add_2_33/CO undriven or does not drive anything
     - clipped.
Signal arm_z/step_clk_gen/count_2170_add_4_33/S1 undriven or does not drive
     anything - clipped.
Signal arm_z/step_clk_gen/count_2170_add_4_33/CO undriven or does not drive
     anything - clipped.
Signal arm_z/step_clk_gen/sub_1722_add_2_19/S1 undriven or does not drive
     anything - clipped.
Signal arm_z/step_clk_gen/sub_1722_add_2_19/S0 undriven or does not drive
     anything - clipped.
Signal arm_z/step_clk_gen/sub_1722_add_2_21/S1 undriven or does not drive
     anything - clipped.
Signal arm_z/step_clk_gen/sub_1722_add_2_21/S0 undriven or does not drive
     anything - clipped.
Signal arm_z/step_clk_gen/sub_1722_add_2_23/S1 undriven or does not drive
     anything - clipped.
Signal arm_z/step_clk_gen/sub_1722_add_2_23/S0 undriven or does not drive
     anything - clipped.
Signal arm_z/step_clk_gen/sub_1722_add_2_25/S1 undriven or does not drive
     anything - clipped.
Signal arm_z/step_clk_gen/sub_1722_add_2_25/S0 undriven or does not drive
     anything - clipped.
Signal arm_z/step_clk_gen/sub_1722_add_2_27/S1 undriven or does not drive
     anything - clipped.
Signal arm_z/step_clk_gen/sub_1722_add_2_27/S0 undriven or does not drive
     anything - clipped.
Signal arm_z/step_clk_gen/sub_1722_add_2_29/S1 undriven or does not drive
     anything - clipped.
Signal arm_z/step_clk_gen/sub_1722_add_2_29/S0 undriven or does not drive

                                   Page 18




Design:  UniboardTop                                   Date:  01/16/16  19:19:03

Removed logic (cont)
--------------------
     anything - clipped.
Signal arm_z/step_clk_gen/sub_1722_add_2_31/S1 undriven or does not drive
     anything - clipped.
Signal arm_z/step_clk_gen/sub_1722_add_2_31/S0 undriven or does not drive
     anything - clipped.
Signal arm_z/step_clk_gen/sub_1722_add_2_33/S0 undriven or does not drive
     anything - clipped.
Signal arm_z/step_clk_gen/sub_1722_add_2_33/CO undriven or does not drive
     anything - clipped.
Signal arm_z/step_clk_gen/sub_1720_add_2_1/S1 undriven or does not drive
     anything - clipped.
Signal arm_z/step_clk_gen/sub_1720_add_2_1/S0 undriven or does not drive
     anything - clipped.
Signal arm_z/step_clk_gen/sub_1720_add_2_1/CI undriven or does not drive
     anything - clipped.
Signal arm_z/step_clk_gen/sub_1720_add_2_3/S1 undriven or does not drive
     anything - clipped.
Signal arm_z/step_clk_gen/sub_1720_add_2_3/S0 undriven or does not drive
     anything - clipped.
Signal arm_z/step_clk_gen/sub_1720_add_2_5/S1 undriven or does not drive
     anything - clipped.
Signal arm_z/step_clk_gen/sub_1720_add_2_5/S0 undriven or does not drive
     anything - clipped.
Signal arm_z/step_clk_gen/sub_1720_add_2_7/S1 undriven or does not drive
     anything - clipped.
Signal arm_z/step_clk_gen/sub_1720_add_2_7/S0 undriven or does not drive
     anything - clipped.
Signal arm_z/step_clk_gen/sub_1720_add_2_9/S1 undriven or does not drive
     anything - clipped.
Signal arm_z/step_clk_gen/sub_1720_add_2_9/S0 undriven or does not drive
     anything - clipped.
Signal arm_z/step_clk_gen/sub_1720_add_2_11/S1 undriven or does not drive
     anything - clipped.
Signal arm_z/step_clk_gen/sub_1720_add_2_11/S0 undriven or does not drive
     anything - clipped.
Signal arm_z/step_clk_gen/sub_1720_add_2_13/S1 undriven or does not drive
     anything - clipped.
Signal arm_z/step_clk_gen/sub_1720_add_2_13/S0 undriven or does not drive
     anything - clipped.
Signal arm_z/step_clk_gen/sub_1720_add_2_15/S1 undriven or does not drive
     anything - clipped.
Signal arm_z/step_clk_gen/sub_1720_add_2_15/S0 undriven or does not drive
     anything - clipped.
Signal arm_z/sub_126_add_2_1/S0 undriven or does not drive anything - clipped.
Signal arm_z/sub_126_add_2_1/CI undriven or does not drive anything - clipped.
Signal arm_z/sub_126_add_2_33/S1 undriven or does not drive anything - clipped.
Signal arm_z/sub_126_add_2_33/CO undriven or does not drive anything - clipped.
Signal arm_a/step_clk_gen/sub_1727_add_2_17/S1 undriven or does not drive
     anything - clipped.
Signal arm_a/step_clk_gen/sub_1727_add_2_17/S0 undriven or does not drive
     anything - clipped.
Signal arm_a/step_clk_gen/sub_1727_add_2_19/S1 undriven or does not drive
     anything - clipped.
Signal arm_a/step_clk_gen/sub_1727_add_2_19/S0 undriven or does not drive
     anything - clipped.
Signal arm_a/step_clk_gen/sub_1727_add_2_21/S1 undriven or does not drive

                                   Page 19




Design:  UniboardTop                                   Date:  01/16/16  19:19:03

Removed logic (cont)
--------------------
     anything - clipped.
Signal arm_a/step_clk_gen/sub_1727_add_2_21/S0 undriven or does not drive
     anything - clipped.
Signal arm_a/step_clk_gen/sub_1727_add_2_23/S1 undriven or does not drive
     anything - clipped.
Signal arm_a/step_clk_gen/sub_1727_add_2_23/S0 undriven or does not drive
     anything - clipped.
Signal arm_a/step_clk_gen/sub_1727_add_2_25/S1 undriven or does not drive
     anything - clipped.
Signal arm_a/step_clk_gen/sub_1727_add_2_25/S0 undriven or does not drive
     anything - clipped.
Signal arm_a/step_clk_gen/sub_1727_add_2_27/S1 undriven or does not drive
     anything - clipped.
Signal arm_a/step_clk_gen/sub_1727_add_2_27/S0 undriven or does not drive
     anything - clipped.
Signal arm_a/step_clk_gen/sub_1725_add_2_33/S0 undriven or does not drive
     anything - clipped.
Signal arm_a/step_clk_gen/sub_1725_add_2_33/CO undriven or does not drive
     anything - clipped.
Signal arm_a/step_clk_gen/sub_1727_add_2_29/S1 undriven or does not drive
     anything - clipped.
Signal arm_a/step_clk_gen/sub_1727_add_2_29/S0 undriven or does not drive
     anything - clipped.
Signal arm_a/step_clk_gen/sub_1725_add_2_13/S1 undriven or does not drive
     anything - clipped.
Signal arm_a/step_clk_gen/sub_1725_add_2_13/S0 undriven or does not drive
     anything - clipped.
Signal arm_a/step_clk_gen/sub_1727_add_2_31/S1 undriven or does not drive
     anything - clipped.
Signal arm_a/step_clk_gen/sub_1727_add_2_31/S0 undriven or does not drive
     anything - clipped.
Signal arm_a/step_clk_gen/sub_1727_add_2_33/S0 undriven or does not drive
     anything - clipped.
Signal arm_a/step_clk_gen/sub_1727_add_2_33/CO undriven or does not drive
     anything - clipped.
Signal arm_a/step_clk_gen/sub_1725_add_2_15/S1 undriven or does not drive
     anything - clipped.
Signal arm_a/step_clk_gen/sub_1725_add_2_15/S0 undriven or does not drive
     anything - clipped.
Signal arm_a/step_clk_gen/sub_1725_add_2_17/S1 undriven or does not drive
     anything - clipped.
Signal arm_a/step_clk_gen/sub_1725_add_2_17/S0 undriven or does not drive
     anything - clipped.
Signal arm_a/step_clk_gen/sub_1725_add_2_19/S1 undriven or does not drive
     anything - clipped.
Signal arm_a/step_clk_gen/sub_1725_add_2_19/S0 undriven or does not drive
     anything - clipped.
Signal arm_a/step_clk_gen/sub_1725_add_2_7/S1 undriven or does not drive
     anything - clipped.
Signal arm_a/step_clk_gen/sub_1725_add_2_7/S0 undriven or does not drive
     anything - clipped.
Signal arm_a/step_clk_gen/sub_1725_add_2_21/S1 undriven or does not drive
     anything - clipped.
Signal arm_a/step_clk_gen/sub_1725_add_2_21/S0 undriven or does not drive
     anything - clipped.
Signal arm_a/step_clk_gen/sub_1725_add_2_1/S1 undriven or does not drive

                                   Page 20




Design:  UniboardTop                                   Date:  01/16/16  19:19:03

Removed logic (cont)
--------------------
     anything - clipped.
Signal arm_a/step_clk_gen/sub_1725_add_2_1/S0 undriven or does not drive
     anything - clipped.
Signal arm_a/step_clk_gen/sub_1725_add_2_1/CI undriven or does not drive
     anything - clipped.
Signal arm_a/step_clk_gen/sub_7_add_2_1/S0 undriven or does not drive anything -
     clipped.
Signal arm_a/step_clk_gen/sub_7_add_2_1/CI undriven or does not drive anything -
     clipped.
Signal arm_a/step_clk_gen/sub_7_add_2_33/S1 undriven or does not drive anything
     - clipped.
Signal arm_a/step_clk_gen/sub_7_add_2_33/CO undriven or does not drive anything
     - clipped.
Signal arm_a/step_clk_gen/sub_1725_add_2_23/S1 undriven or does not drive
     anything - clipped.
Signal arm_a/step_clk_gen/sub_1725_add_2_23/S0 undriven or does not drive
     anything - clipped.
Signal arm_a/step_clk_gen/count_2171_add_4_1/S0 undriven or does not drive
     anything - clipped.
Signal arm_a/step_clk_gen/count_2171_add_4_1/CI undriven or does not drive
     anything - clipped.
Signal arm_a/step_clk_gen/sub_1728_add_2_1/S1 undriven or does not drive
     anything - clipped.
Signal arm_a/step_clk_gen/sub_1728_add_2_1/S0 undriven or does not drive
     anything - clipped.
Signal arm_a/step_clk_gen/sub_1728_add_2_1/CI undriven or does not drive
     anything - clipped.
Signal arm_a/step_clk_gen/sub_1728_add_2_3/S1 undriven or does not drive
     anything - clipped.
Signal arm_a/step_clk_gen/sub_1728_add_2_3/S0 undriven or does not drive
     anything - clipped.
Signal arm_a/step_clk_gen/sub_1728_add_2_5/S1 undriven or does not drive
     anything - clipped.
Signal arm_a/step_clk_gen/sub_1728_add_2_5/S0 undriven or does not drive
     anything - clipped.
Signal arm_a/step_clk_gen/sub_1728_add_2_7/S1 undriven or does not drive
     anything - clipped.
Signal arm_a/step_clk_gen/sub_1728_add_2_7/S0 undriven or does not drive
     anything - clipped.
Signal arm_a/step_clk_gen/count_2171_add_4_33/S1 undriven or does not drive
     anything - clipped.
Signal arm_a/step_clk_gen/count_2171_add_4_33/CO undriven or does not drive
     anything - clipped.
Signal arm_a/step_clk_gen/sub_1725_add_2_25/S1 undriven or does not drive
     anything - clipped.
Signal arm_a/step_clk_gen/sub_1725_add_2_25/S0 undriven or does not drive
     anything - clipped.
Signal arm_a/step_clk_gen/sub_1728_add_2_9/S1 undriven or does not drive
     anything - clipped.
Signal arm_a/step_clk_gen/sub_1728_add_2_9/S0 undriven or does not drive
     anything - clipped.
Signal arm_a/step_clk_gen/sub_1728_add_2_11/S1 undriven or does not drive
     anything - clipped.
Signal arm_a/step_clk_gen/sub_1728_add_2_11/S0 undriven or does not drive
     anything - clipped.
Signal arm_a/step_clk_gen/sub_1728_add_2_13/S1 undriven or does not drive

                                   Page 21




Design:  UniboardTop                                   Date:  01/16/16  19:19:03

Removed logic (cont)
--------------------
     anything - clipped.
Signal arm_a/step_clk_gen/sub_1728_add_2_13/S0 undriven or does not drive
     anything - clipped.
Signal arm_a/step_clk_gen/sub_1728_add_2_15/S1 undriven or does not drive
     anything - clipped.
Signal arm_a/step_clk_gen/sub_1728_add_2_15/S0 undriven or does not drive
     anything - clipped.
Signal arm_a/step_clk_gen/sub_1725_add_2_27/S1 undriven or does not drive
     anything - clipped.
Signal arm_a/step_clk_gen/sub_1725_add_2_27/S0 undriven or does not drive
     anything - clipped.
Signal arm_a/step_clk_gen/sub_1725_add_2_9/S1 undriven or does not drive
     anything - clipped.
Signal arm_a/step_clk_gen/sub_1725_add_2_9/S0 undriven or does not drive
     anything - clipped.
Signal arm_a/step_clk_gen/sub_1725_add_2_11/S1 undriven or does not drive
     anything - clipped.
Signal arm_a/step_clk_gen/sub_1725_add_2_11/S0 undriven or does not drive
     anything - clipped.
Signal arm_a/step_clk_gen/sub_1728_add_2_17/S1 undriven or does not drive
     anything - clipped.
Signal arm_a/step_clk_gen/sub_1728_add_2_17/S0 undriven or does not drive
     anything - clipped.
Signal arm_a/step_clk_gen/sub_1728_add_2_19/S1 undriven or does not drive
     anything - clipped.
Signal arm_a/step_clk_gen/sub_1728_add_2_19/S0 undriven or does not drive
     anything - clipped.
Signal arm_a/step_clk_gen/sub_1728_add_2_21/S1 undriven or does not drive
     anything - clipped.
Signal arm_a/step_clk_gen/sub_1728_add_2_21/S0 undriven or does not drive
     anything - clipped.
Signal arm_a/step_clk_gen/sub_1728_add_2_23/S1 undriven or does not drive
     anything - clipped.
Signal arm_a/step_clk_gen/sub_1728_add_2_23/S0 undriven or does not drive
     anything - clipped.
Signal arm_a/step_clk_gen/sub_1728_add_2_25/S1 undriven or does not drive
     anything - clipped.
Signal arm_a/step_clk_gen/sub_1728_add_2_25/S0 undriven or does not drive
     anything - clipped.
Signal arm_a/step_clk_gen/sub_1728_add_2_27/S1 undriven or does not drive
     anything - clipped.
Signal arm_a/step_clk_gen/sub_1728_add_2_27/S0 undriven or does not drive
     anything - clipped.
Signal arm_a/step_clk_gen/sub_1725_add_2_29/S1 undriven or does not drive
     anything - clipped.
Signal arm_a/step_clk_gen/sub_1725_add_2_29/S0 undriven or does not drive
     anything - clipped.
Signal arm_a/step_clk_gen/sub_1728_add_2_29/S1 undriven or does not drive
     anything - clipped.
Signal arm_a/step_clk_gen/sub_1728_add_2_29/S0 undriven or does not drive
     anything - clipped.
Signal arm_a/step_clk_gen/sub_1725_add_2_31/S1 undriven or does not drive
     anything - clipped.
Signal arm_a/step_clk_gen/sub_1725_add_2_31/S0 undriven or does not drive
     anything - clipped.
Signal arm_a/step_clk_gen/sub_1728_add_2_31/S1 undriven or does not drive

                                   Page 22




Design:  UniboardTop                                   Date:  01/16/16  19:19:03

Removed logic (cont)
--------------------
     anything - clipped.
Signal arm_a/step_clk_gen/sub_1728_add_2_31/S0 undriven or does not drive
     anything - clipped.
Signal arm_a/step_clk_gen/sub_1728_add_2_33/S0 undriven or does not drive
     anything - clipped.
Signal arm_a/step_clk_gen/sub_1728_add_2_33/CO undriven or does not drive
     anything - clipped.
Signal arm_a/step_clk_gen/sub_1727_add_2_1/S1 undriven or does not drive
     anything - clipped.
Signal arm_a/step_clk_gen/sub_1727_add_2_1/S0 undriven or does not drive
     anything - clipped.
Signal arm_a/step_clk_gen/sub_1727_add_2_1/CI undriven or does not drive
     anything - clipped.
Signal arm_a/step_clk_gen/sub_1727_add_2_3/S1 undriven or does not drive
     anything - clipped.
Signal arm_a/step_clk_gen/sub_1727_add_2_3/S0 undriven or does not drive
     anything - clipped.
Signal arm_a/step_clk_gen/sub_1727_add_2_5/S1 undriven or does not drive
     anything - clipped.
Signal arm_a/step_clk_gen/sub_1727_add_2_5/S0 undriven or does not drive
     anything - clipped.
Signal arm_a/step_clk_gen/sub_1725_add_2_3/S1 undriven or does not drive
     anything - clipped.
Signal arm_a/step_clk_gen/sub_1725_add_2_3/S0 undriven or does not drive
     anything - clipped.
Signal arm_a/step_clk_gen/sub_1727_add_2_7/S1 undriven or does not drive
     anything - clipped.
Signal arm_a/step_clk_gen/sub_1727_add_2_7/S0 undriven or does not drive
     anything - clipped.
Signal arm_a/step_clk_gen/sub_1725_add_2_5/S1 undriven or does not drive
     anything - clipped.
Signal arm_a/step_clk_gen/sub_1725_add_2_5/S0 undriven or does not drive
     anything - clipped.
Signal arm_a/step_clk_gen/sub_1727_add_2_9/S1 undriven or does not drive
     anything - clipped.
Signal arm_a/step_clk_gen/sub_1727_add_2_9/S0 undriven or does not drive
     anything - clipped.
Signal arm_a/step_clk_gen/sub_1727_add_2_11/S1 undriven or does not drive
     anything - clipped.
Signal arm_a/step_clk_gen/sub_1727_add_2_11/S0 undriven or does not drive
     anything - clipped.
Signal arm_a/step_clk_gen/sub_1727_add_2_13/S1 undriven or does not drive
     anything - clipped.
Signal arm_a/step_clk_gen/sub_1727_add_2_13/S0 undriven or does not drive
     anything - clipped.
Signal arm_a/step_clk_gen/sub_1727_add_2_15/S1 undriven or does not drive
     anything - clipped.
Signal arm_a/step_clk_gen/sub_1727_add_2_15/S0 undriven or does not drive
     anything - clipped.
Signal arm_a/sub_126_add_2_1/S0 undriven or does not drive anything - clipped.
Signal arm_a/sub_126_add_2_1/CI undriven or does not drive anything - clipped.
Signal arm_a/sub_126_add_2_33/S1 undriven or does not drive anything - clipped.
Signal arm_a/sub_126_add_2_33/CO undriven or does not drive anything - clipped.
Signal global_control/uptime_div/add_18238_2/S1 undriven or does not drive
     anything - clipped.
Signal global_control/uptime_div/add_18238_2/S0 undriven or does not drive

                                   Page 23




Design:  UniboardTop                                   Date:  01/16/16  19:19:03

Removed logic (cont)
--------------------
     anything - clipped.
Signal global_control/uptime_div/add_18238_2/CI undriven or does not drive
     anything - clipped.
Signal global_control/uptime_div/add_18238_4/S1 undriven or does not drive
     anything - clipped.
Signal global_control/uptime_div/add_18238_4/S0 undriven or does not drive
     anything - clipped.
Signal global_control/uptime_div/add_18238_6/S1 undriven or does not drive
     anything - clipped.
Signal global_control/uptime_div/add_18238_6/S0 undriven or does not drive
     anything - clipped.
Signal global_control/uptime_div/add_18238_8/S1 undriven or does not drive
     anything - clipped.
Signal global_control/uptime_div/add_18238_8/S0 undriven or does not drive
     anything - clipped.
Signal global_control/uptime_div/add_18238_10/S1 undriven or does not drive
     anything - clipped.
Signal global_control/uptime_div/add_18238_10/S0 undriven or does not drive
     anything - clipped.
Signal global_control/uptime_div/add_18238_12/S1 undriven or does not drive
     anything - clipped.
Signal global_control/uptime_div/add_18238_12/S0 undriven or does not drive
     anything - clipped.
Signal global_control/uptime_div/add_18238_14/S1 undriven or does not drive
     anything - clipped.
Signal global_control/uptime_div/add_18238_14/S0 undriven or does not drive
     anything - clipped.
Signal global_control/uptime_div/add_18238_16/S1 undriven or does not drive
     anything - clipped.
Signal global_control/uptime_div/add_18238_16/S0 undriven or does not drive
     anything - clipped.
Signal global_control/uptime_div/add_18238_18/S1 undriven or does not drive
     anything - clipped.
Signal global_control/uptime_div/add_18238_18/S0 undriven or does not drive
     anything - clipped.
Signal global_control/uptime_div/add_18238_20/S1 undriven or does not drive
     anything - clipped.
Signal global_control/uptime_div/add_18238_20/S0 undriven or does not drive
     anything - clipped.
Signal global_control/uptime_div/add_18238_22/S1 undriven or does not drive
     anything - clipped.
Signal global_control/uptime_div/add_18238_22/S0 undriven or does not drive
     anything - clipped.
Signal global_control/uptime_div/add_18238_24/S1 undriven or does not drive
     anything - clipped.
Signal global_control/uptime_div/add_18238_24/S0 undriven or does not drive
     anything - clipped.
Signal global_control/uptime_div/add_18238_cout/S1 undriven or does not drive
     anything - clipped.
Signal global_control/uptime_div/add_18238_cout/CO undriven or does not drive
     anything - clipped.
Signal global_control/uptime_div/count_2167_add_4_1/S0 undriven or does not
     drive anything - clipped.
Signal global_control/uptime_div/count_2167_add_4_1/CI undriven or does not
     drive anything - clipped.
Signal global_control/uptime_div/count_2167_add_4_33/S1 undriven or does not

                                   Page 24




Design:  UniboardTop                                   Date:  01/16/16  19:19:03

Removed logic (cont)
--------------------
     drive anything - clipped.
Signal global_control/uptime_div/count_2167_add_4_33/CO undriven or does not
     drive anything - clipped.
Signal global_control/add_134_1/S0 undriven or does not drive anything -
     clipped.
Signal global_control/add_134_1/CI undriven or does not drive anything -
     clipped.
Signal global_control/add_134_33/S1 undriven or does not drive anything -
     clipped.
Signal global_control/add_134_33/CO undriven or does not drive anything -
     clipped.
Signal protocol_interface/uart_input/baud_gen/sub_1730_add_2_2/S1 undriven or
     does not drive anything - clipped.
Signal protocol_interface/uart_input/baud_gen/sub_1730_add_2_2/S0 undriven or
     does not drive anything - clipped.
Signal protocol_interface/uart_input/baud_gen/sub_1730_add_2_2/CI undriven or
     does not drive anything - clipped.
Signal protocol_interface/uart_input/baud_gen/sub_1730_add_2_4/S1 undriven or
     does not drive anything - clipped.
Signal protocol_interface/uart_input/baud_gen/sub_1730_add_2_4/S0 undriven or
     does not drive anything - clipped.
Signal protocol_interface/uart_input/baud_gen/sub_1730_add_2_6/S1 undriven or
     does not drive anything - clipped.
Signal protocol_interface/uart_input/baud_gen/sub_1730_add_2_6/S0 undriven or
     does not drive anything - clipped.
Signal protocol_interface/uart_input/baud_gen/sub_1730_add_2_8/S1 undriven or
     does not drive anything - clipped.
Signal protocol_interface/uart_input/baud_gen/sub_1730_add_2_8/S0 undriven or
     does not drive anything - clipped.
Signal protocol_interface/uart_input/baud_gen/sub_1730_add_2_10/S1 undriven or
     does not drive anything - clipped.
Signal protocol_interface/uart_input/baud_gen/sub_1730_add_2_10/S0 undriven or
     does not drive anything - clipped.
Signal protocol_interface/uart_input/baud_gen/sub_1730_add_2_12/S1 undriven or
     does not drive anything - clipped.
Signal protocol_interface/uart_input/baud_gen/sub_1730_add_2_12/S0 undriven or
     does not drive anything - clipped.
Signal protocol_interface/uart_input/baud_gen/sub_1730_add_2_14/S1 undriven or
     does not drive anything - clipped.
Signal protocol_interface/uart_input/baud_gen/sub_1730_add_2_14/S0 undriven or
     does not drive anything - clipped.
Signal protocol_interface/uart_input/baud_gen/sub_1730_add_2_16/S1 undriven or
     does not drive anything - clipped.
Signal protocol_interface/uart_input/baud_gen/sub_1730_add_2_16/S0 undriven or
     does not drive anything - clipped.
Signal protocol_interface/uart_input/baud_gen/sub_1730_add_2_18/S1 undriven or
     does not drive anything - clipped.
Signal protocol_interface/uart_input/baud_gen/sub_1730_add_2_18/S0 undriven or
     does not drive anything - clipped.
Signal protocol_interface/uart_input/baud_gen/sub_1730_add_2_20/S1 undriven or
     does not drive anything - clipped.
Signal protocol_interface/uart_input/baud_gen/sub_1730_add_2_20/S0 undriven or
     does not drive anything - clipped.
Signal protocol_interface/uart_input/baud_gen/sub_1730_add_2_22/S1 undriven or
     does not drive anything - clipped.
Signal protocol_interface/uart_input/baud_gen/sub_1730_add_2_22/S0 undriven or

                                   Page 25




Design:  UniboardTop                                   Date:  01/16/16  19:19:03

Removed logic (cont)
--------------------
     does not drive anything - clipped.
Signal protocol_interface/uart_input/baud_gen/sub_1730_add_2_24/S1 undriven or
     does not drive anything - clipped.
Signal protocol_interface/uart_input/baud_gen/sub_1730_add_2_24/S0 undriven or
     does not drive anything - clipped.
Signal protocol_interface/uart_input/baud_gen/sub_1730_add_2_26/S1 undriven or
     does not drive anything - clipped.
Signal protocol_interface/uart_input/baud_gen/sub_1730_add_2_26/S0 undriven or
     does not drive anything - clipped.
Signal protocol_interface/uart_input/baud_gen/sub_1730_add_2_28/S1 undriven or
     does not drive anything - clipped.
Signal protocol_interface/uart_input/baud_gen/sub_1730_add_2_28/S0 undriven or
     does not drive anything - clipped.
Signal protocol_interface/uart_input/baud_gen/sub_1730_add_2_30/S1 undriven or
     does not drive anything - clipped.
Signal protocol_interface/uart_input/baud_gen/sub_1730_add_2_30/S0 undriven or
     does not drive anything - clipped.
Signal protocol_interface/uart_input/baud_gen/sub_1730_add_2_32/S1 undriven or
     does not drive anything - clipped.
Signal protocol_interface/uart_input/baud_gen/sub_1730_add_2_32/S0 undriven or
     does not drive anything - clipped.
Signal protocol_interface/uart_input/baud_gen/sub_1730_add_2_cout/S1 undriven or
     does not drive anything - clipped.
Signal protocol_interface/uart_input/baud_gen/sub_1730_add_2_cout/CO undriven or
     does not drive anything - clipped.
Signal protocol_interface/uart_input/baud_gen/count_2172_add_4_1/S0 undriven or
     does not drive anything - clipped.
Signal protocol_interface/uart_input/baud_gen/count_2172_add_4_1/CI undriven or
     does not drive anything - clipped.
Signal protocol_interface/uart_input/baud_gen/count_2172_add_4_33/S1 undriven or
     does not drive anything - clipped.
Signal protocol_interface/uart_input/baud_gen/count_2172_add_4_33/CO undriven or
     does not drive anything - clipped.
Signal protocol_interface/uart_output/baud_gen/sub_1732_add_2_2/S1 undriven or
     does not drive anything - clipped.
Signal protocol_interface/uart_output/baud_gen/sub_1732_add_2_2/S0 undriven or
     does not drive anything - clipped.
Signal protocol_interface/uart_output/baud_gen/sub_1732_add_2_2/CI undriven or
     does not drive anything - clipped.
Signal protocol_interface/uart_output/baud_gen/sub_1732_add_2_4/S1 undriven or
     does not drive anything - clipped.
Signal protocol_interface/uart_output/baud_gen/sub_1732_add_2_4/S0 undriven or
     does not drive anything - clipped.
Signal protocol_interface/uart_output/baud_gen/sub_1732_add_2_6/S1 undriven or
     does not drive anything - clipped.
Signal protocol_interface/uart_output/baud_gen/sub_1732_add_2_6/S0 undriven or
     does not drive anything - clipped.
Signal protocol_interface/uart_output/baud_gen/sub_1732_add_2_8/S1 undriven or
     does not drive anything - clipped.
Signal protocol_interface/uart_output/baud_gen/sub_1732_add_2_8/S0 undriven or
     does not drive anything - clipped.
Signal protocol_interface/uart_output/baud_gen/sub_1732_add_2_10/S1 undriven or
     does not drive anything - clipped.
Signal protocol_interface/uart_output/baud_gen/sub_1732_add_2_10/S0 undriven or
     does not drive anything - clipped.
Signal protocol_interface/uart_output/baud_gen/sub_1732_add_2_12/S1 undriven or

                                   Page 26




Design:  UniboardTop                                   Date:  01/16/16  19:19:03

Removed logic (cont)
--------------------
     does not drive anything - clipped.
Signal protocol_interface/uart_output/baud_gen/sub_1732_add_2_12/S0 undriven or
     does not drive anything - clipped.
Signal protocol_interface/uart_output/baud_gen/sub_1732_add_2_14/S1 undriven or
     does not drive anything - clipped.
Signal protocol_interface/uart_output/baud_gen/sub_1732_add_2_14/S0 undriven or
     does not drive anything - clipped.
Signal protocol_interface/uart_output/baud_gen/sub_1732_add_2_16/S1 undriven or
     does not drive anything - clipped.
Signal protocol_interface/uart_output/baud_gen/sub_1732_add_2_16/S0 undriven or
     does not drive anything - clipped.
Signal protocol_interface/uart_output/baud_gen/sub_1732_add_2_18/S1 undriven or
     does not drive anything - clipped.
Signal protocol_interface/uart_output/baud_gen/sub_1732_add_2_18/S0 undriven or
     does not drive anything - clipped.
Signal protocol_interface/uart_output/baud_gen/sub_1732_add_2_20/S1 undriven or
     does not drive anything - clipped.
Signal protocol_interface/uart_output/baud_gen/sub_1732_add_2_20/S0 undriven or
     does not drive anything - clipped.
Signal protocol_interface/uart_output/baud_gen/sub_1732_add_2_22/S1 undriven or
     does not drive anything - clipped.
Signal protocol_interface/uart_output/baud_gen/sub_1732_add_2_22/S0 undriven or
     does not drive anything - clipped.
Signal protocol_interface/uart_output/baud_gen/sub_1732_add_2_24/S1 undriven or
     does not drive anything - clipped.
Signal protocol_interface/uart_output/baud_gen/sub_1732_add_2_24/S0 undriven or
     does not drive anything - clipped.
Signal protocol_interface/uart_output/baud_gen/sub_1732_add_2_26/S1 undriven or
     does not drive anything - clipped.
Signal protocol_interface/uart_output/baud_gen/sub_1732_add_2_26/S0 undriven or
     does not drive anything - clipped.
Signal protocol_interface/uart_output/baud_gen/sub_1732_add_2_28/S1 undriven or
     does not drive anything - clipped.
Signal protocol_interface/uart_output/baud_gen/sub_1732_add_2_28/S0 undriven or
     does not drive anything - clipped.
Signal protocol_interface/uart_output/baud_gen/sub_1732_add_2_30/S1 undriven or
     does not drive anything - clipped.
Signal protocol_interface/uart_output/baud_gen/sub_1732_add_2_30/S0 undriven or
     does not drive anything - clipped.
Signal protocol_interface/uart_output/baud_gen/sub_1732_add_2_32/S1 undriven or
     does not drive anything - clipped.
Signal protocol_interface/uart_output/baud_gen/sub_1732_add_2_32/S0 undriven or
     does not drive anything - clipped.
Signal protocol_interface/uart_output/baud_gen/count_2173_add_4_1/S0 undriven or
     does not drive anything - clipped.
Signal protocol_interface/uart_output/baud_gen/count_2173_add_4_1/CI undriven or
     does not drive anything - clipped.
Signal protocol_interface/uart_output/baud_gen/sub_1732_add_2_cout/S1 undriven
     or does not drive anything - clipped.
Signal protocol_interface/uart_output/baud_gen/sub_1732_add_2_cout/CO undriven
     or does not drive anything - clipped.
Signal protocol_interface/uart_output/baud_gen/count_2173_add_4_33/S1 undriven
     or does not drive anything - clipped.
Signal protocol_interface/uart_output/baud_gen/count_2173_add_4_33/CO undriven
     or does not drive anything - clipped.
Signal arm_y/step_clk_gen/count_2169_add_4_1/S0 undriven or does not drive

                                   Page 27




Design:  UniboardTop                                   Date:  01/16/16  19:19:03

Removed logic (cont)
--------------------
     anything - clipped.
Signal arm_y/step_clk_gen/count_2169_add_4_1/CI undriven or does not drive
     anything - clipped.
Signal arm_y/step_clk_gen/sub_1718_add_2_1/S1 undriven or does not drive
     anything - clipped.
Signal arm_y/step_clk_gen/sub_1718_add_2_1/S0 undriven or does not drive
     anything - clipped.
Signal arm_y/step_clk_gen/sub_1718_add_2_1/CI undriven or does not drive
     anything - clipped.
Signal arm_y/step_clk_gen/sub_1718_add_2_3/S1 undriven or does not drive
     anything - clipped.
Signal arm_y/step_clk_gen/sub_1718_add_2_3/S0 undriven or does not drive
     anything - clipped.
Signal arm_y/step_clk_gen/sub_1718_add_2_5/S1 undriven or does not drive
     anything - clipped.
Signal arm_y/step_clk_gen/sub_1718_add_2_5/S0 undriven or does not drive
     anything - clipped.
Signal arm_y/step_clk_gen/sub_1718_add_2_7/S1 undriven or does not drive
     anything - clipped.
Signal arm_y/step_clk_gen/sub_1718_add_2_7/S0 undriven or does not drive
     anything - clipped.
Signal arm_y/step_clk_gen/sub_1718_add_2_9/S1 undriven or does not drive
     anything - clipped.
Signal arm_y/step_clk_gen/sub_1718_add_2_9/S0 undriven or does not drive
     anything - clipped.
Signal arm_y/step_clk_gen/sub_1718_add_2_11/S1 undriven or does not drive
     anything - clipped.
Signal arm_y/step_clk_gen/sub_1718_add_2_11/S0 undriven or does not drive
     anything - clipped.
Signal arm_y/step_clk_gen/sub_1718_add_2_13/S1 undriven or does not drive
     anything - clipped.
Signal arm_y/step_clk_gen/sub_1718_add_2_13/S0 undriven or does not drive
     anything - clipped.
Signal arm_y/step_clk_gen/sub_1718_add_2_15/S1 undriven or does not drive
     anything - clipped.
Signal arm_y/step_clk_gen/sub_1718_add_2_15/S0 undriven or does not drive
     anything - clipped.
Signal arm_y/step_clk_gen/sub_1718_add_2_17/S1 undriven or does not drive
     anything - clipped.
Signal arm_y/step_clk_gen/sub_1718_add_2_17/S0 undriven or does not drive
     anything - clipped.
Signal arm_y/step_clk_gen/sub_1718_add_2_19/S1 undriven or does not drive
     anything - clipped.
Signal arm_y/step_clk_gen/sub_1718_add_2_19/S0 undriven or does not drive
     anything - clipped.
Signal arm_y/step_clk_gen/sub_1718_add_2_21/S1 undriven or does not drive
     anything - clipped.
Signal arm_y/step_clk_gen/sub_1718_add_2_21/S0 undriven or does not drive
     anything - clipped.
Signal arm_y/step_clk_gen/sub_1718_add_2_23/S1 undriven or does not drive
     anything - clipped.
Signal arm_y/step_clk_gen/sub_1718_add_2_23/S0 undriven or does not drive
     anything - clipped.
Signal arm_y/step_clk_gen/sub_1718_add_2_25/S1 undriven or does not drive
     anything - clipped.
Signal arm_y/step_clk_gen/sub_1718_add_2_25/S0 undriven or does not drive

                                   Page 28




Design:  UniboardTop                                   Date:  01/16/16  19:19:03

Removed logic (cont)
--------------------
     anything - clipped.
Signal arm_y/step_clk_gen/sub_1718_add_2_27/S1 undriven or does not drive
     anything - clipped.
Signal arm_y/step_clk_gen/sub_1718_add_2_27/S0 undriven or does not drive
     anything - clipped.
Signal arm_y/step_clk_gen/sub_1718_add_2_29/S1 undriven or does not drive
     anything - clipped.
Signal arm_y/step_clk_gen/sub_1718_add_2_29/S0 undriven or does not drive
     anything - clipped.
Signal arm_y/step_clk_gen/sub_1718_add_2_31/S1 undriven or does not drive
     anything - clipped.
Signal arm_y/step_clk_gen/sub_1718_add_2_31/S0 undriven or does not drive
     anything - clipped.
Signal arm_y/step_clk_gen/sub_1718_add_2_33/S0 undriven or does not drive
     anything - clipped.
Signal arm_y/step_clk_gen/sub_1718_add_2_33/CO undriven or does not drive
     anything - clipped.
Signal arm_y/step_clk_gen/sub_1717_add_2_1/S1 undriven or does not drive
     anything - clipped.
Signal arm_y/step_clk_gen/sub_1717_add_2_1/S0 undriven or does not drive
     anything - clipped.
Signal arm_y/step_clk_gen/sub_1717_add_2_1/CI undriven or does not drive
     anything - clipped.
Signal arm_y/step_clk_gen/sub_1717_add_2_3/S1 undriven or does not drive
     anything - clipped.
Signal arm_y/step_clk_gen/sub_1717_add_2_3/S0 undriven or does not drive
     anything - clipped.
Signal arm_y/step_clk_gen/count_2169_add_4_33/S1 undriven or does not drive
     anything - clipped.
Signal arm_y/step_clk_gen/count_2169_add_4_33/CO undriven or does not drive
     anything - clipped.
Signal arm_y/step_clk_gen/sub_1717_add_2_5/S1 undriven or does not drive
     anything - clipped.
Signal arm_y/step_clk_gen/sub_1717_add_2_5/S0 undriven or does not drive
     anything - clipped.
Signal arm_y/step_clk_gen/sub_1717_add_2_7/S1 undriven or does not drive
     anything - clipped.
Signal arm_y/step_clk_gen/sub_1717_add_2_7/S0 undriven or does not drive
     anything - clipped.
Signal arm_y/step_clk_gen/sub_1717_add_2_9/S1 undriven or does not drive
     anything - clipped.
Signal arm_y/step_clk_gen/sub_1717_add_2_9/S0 undriven or does not drive
     anything - clipped.
Signal arm_y/step_clk_gen/sub_1717_add_2_11/S1 undriven or does not drive
     anything - clipped.
Signal arm_y/step_clk_gen/sub_1717_add_2_11/S0 undriven or does not drive
     anything - clipped.
Signal arm_y/step_clk_gen/sub_1717_add_2_13/S1 undriven or does not drive
     anything - clipped.
Signal arm_y/step_clk_gen/sub_1717_add_2_13/S0 undriven or does not drive
     anything - clipped.
Signal arm_y/step_clk_gen/sub_1717_add_2_15/S1 undriven or does not drive
     anything - clipped.
Signal arm_y/step_clk_gen/sub_1717_add_2_15/S0 undriven or does not drive
     anything - clipped.
Signal arm_y/step_clk_gen/sub_1717_add_2_17/S1 undriven or does not drive

                                   Page 29




Design:  UniboardTop                                   Date:  01/16/16  19:19:03

Removed logic (cont)
--------------------
     anything - clipped.
Signal arm_y/step_clk_gen/sub_1717_add_2_17/S0 undriven or does not drive
     anything - clipped.
Signal arm_y/step_clk_gen/sub_1717_add_2_19/S1 undriven or does not drive
     anything - clipped.
Signal arm_y/step_clk_gen/sub_1717_add_2_19/S0 undriven or does not drive
     anything - clipped.
Signal arm_y/step_clk_gen/sub_1717_add_2_21/S1 undriven or does not drive
     anything - clipped.
Signal arm_y/step_clk_gen/sub_1717_add_2_21/S0 undriven or does not drive
     anything - clipped.
Signal arm_y/step_clk_gen/sub_1717_add_2_23/S1 undriven or does not drive
     anything - clipped.
Signal arm_y/step_clk_gen/sub_1717_add_2_23/S0 undriven or does not drive
     anything - clipped.
Signal arm_y/step_clk_gen/sub_1717_add_2_25/S1 undriven or does not drive
     anything - clipped.
Signal arm_y/step_clk_gen/sub_1717_add_2_25/S0 undriven or does not drive
     anything - clipped.
Signal arm_y/step_clk_gen/sub_1717_add_2_27/S1 undriven or does not drive
     anything - clipped.
Signal arm_y/step_clk_gen/sub_1717_add_2_27/S0 undriven or does not drive
     anything - clipped.
Signal arm_y/step_clk_gen/sub_1717_add_2_29/S1 undriven or does not drive
     anything - clipped.
Signal arm_y/step_clk_gen/sub_1717_add_2_29/S0 undriven or does not drive
     anything - clipped.
Signal arm_y/step_clk_gen/sub_1717_add_2_31/S1 undriven or does not drive
     anything - clipped.
Signal arm_y/step_clk_gen/sub_1717_add_2_31/S0 undriven or does not drive
     anything - clipped.
Signal arm_y/step_clk_gen/sub_1717_add_2_33/S0 undriven or does not drive
     anything - clipped.
Signal arm_y/step_clk_gen/sub_1717_add_2_33/CO undriven or does not drive
     anything - clipped.
Signal arm_y/step_clk_gen/sub_1715_add_2_1/S1 undriven or does not drive
     anything - clipped.
Signal arm_y/step_clk_gen/sub_1715_add_2_1/S0 undriven or does not drive
     anything - clipped.
Signal arm_y/step_clk_gen/sub_1715_add_2_1/CI undriven or does not drive
     anything - clipped.
Signal arm_y/step_clk_gen/sub_1715_add_2_3/S1 undriven or does not drive
     anything - clipped.
Signal arm_y/step_clk_gen/sub_1715_add_2_3/S0 undriven or does not drive
     anything - clipped.
Signal arm_y/step_clk_gen/sub_1715_add_2_5/S1 undriven or does not drive
     anything - clipped.
Signal arm_y/step_clk_gen/sub_1715_add_2_5/S0 undriven or does not drive
     anything - clipped.
Signal arm_y/step_clk_gen/sub_1715_add_2_7/S1 undriven or does not drive
     anything - clipped.
Signal arm_y/step_clk_gen/sub_1715_add_2_7/S0 undriven or does not drive
     anything - clipped.
Signal arm_y/step_clk_gen/sub_1715_add_2_9/S1 undriven or does not drive
     anything - clipped.
Signal arm_y/step_clk_gen/sub_1715_add_2_9/S0 undriven or does not drive

                                   Page 30




Design:  UniboardTop                                   Date:  01/16/16  19:19:03

Removed logic (cont)
--------------------
     anything - clipped.
Signal arm_y/step_clk_gen/sub_1715_add_2_11/S1 undriven or does not drive
     anything - clipped.
Signal arm_y/step_clk_gen/sub_1715_add_2_11/S0 undriven or does not drive
     anything - clipped.
Signal arm_y/step_clk_gen/sub_1715_add_2_13/S1 undriven or does not drive
     anything - clipped.
Signal arm_y/step_clk_gen/sub_1715_add_2_13/S0 undriven or does not drive
     anything - clipped.
Signal arm_y/step_clk_gen/sub_1715_add_2_15/S1 undriven or does not drive
     anything - clipped.
Signal arm_y/step_clk_gen/sub_1715_add_2_15/S0 undriven or does not drive
     anything - clipped.
Signal arm_y/step_clk_gen/sub_1715_add_2_17/S1 undriven or does not drive
     anything - clipped.
Signal arm_y/step_clk_gen/sub_1715_add_2_17/S0 undriven or does not drive
     anything - clipped.
Signal arm_y/step_clk_gen/sub_1715_add_2_19/S1 undriven or does not drive
     anything - clipped.
Signal arm_y/step_clk_gen/sub_1715_add_2_19/S0 undriven or does not drive
     anything - clipped.
Signal arm_y/step_clk_gen/sub_1715_add_2_21/S1 undriven or does not drive
     anything - clipped.
Signal arm_y/step_clk_gen/sub_1715_add_2_21/S0 undriven or does not drive
     anything - clipped.
Signal arm_y/step_clk_gen/sub_7_add_2_1/S0 undriven or does not drive anything -
     clipped.
Signal arm_y/step_clk_gen/sub_7_add_2_1/CI undriven or does not drive anything -
     clipped.
Signal arm_y/step_clk_gen/sub_1715_add_2_23/S1 undriven or does not drive
     anything - clipped.
Signal arm_y/step_clk_gen/sub_1715_add_2_23/S0 undriven or does not drive
     anything - clipped.
Signal arm_y/step_clk_gen/sub_1715_add_2_25/S1 undriven or does not drive
     anything - clipped.
Signal arm_y/step_clk_gen/sub_1715_add_2_25/S0 undriven or does not drive
     anything - clipped.
Signal arm_y/step_clk_gen/sub_1715_add_2_27/S1 undriven or does not drive
     anything - clipped.
Signal arm_y/step_clk_gen/sub_1715_add_2_27/S0 undriven or does not drive
     anything - clipped.
Signal arm_y/step_clk_gen/sub_1715_add_2_29/S1 undriven or does not drive
     anything - clipped.
Signal arm_y/step_clk_gen/sub_1715_add_2_29/S0 undriven or does not drive
     anything - clipped.
Signal arm_y/step_clk_gen/sub_1715_add_2_31/S1 undriven or does not drive
     anything - clipped.
Signal arm_y/step_clk_gen/sub_1715_add_2_31/S0 undriven or does not drive
     anything - clipped.
Signal arm_y/step_clk_gen/sub_1715_add_2_33/S0 undriven or does not drive
     anything - clipped.
Signal arm_y/step_clk_gen/sub_1715_add_2_33/CO undriven or does not drive
     anything - clipped.
Signal arm_y/step_clk_gen/sub_7_add_2_33/S1 undriven or does not drive anything
     - clipped.
Signal arm_y/step_clk_gen/sub_7_add_2_33/CO undriven or does not drive anything

                                   Page 31




Design:  UniboardTop                                   Date:  01/16/16  19:19:03

Removed logic (cont)
--------------------
     - clipped.
Signal arm_y/sub_126_add_2_33/S1 undriven or does not drive anything - clipped.
Signal arm_y/sub_126_add_2_33/CO undriven or does not drive anything - clipped.
Signal arm_y/sub_126_add_2_1/S0 undriven or does not drive anything - clipped.
Signal arm_y/sub_126_add_2_1/CI undriven or does not drive anything - clipped.
Signal reset_count_2164_2165_add_4_1/S0 undriven or does not drive anything -
     clipped.
Signal reset_count_2164_2165_add_4_1/CI undriven or does not drive anything -
     clipped.
Signal reset_count_2164_2165_add_4_15/CO undriven or does not drive anything -
     clipped.
Signal motor_pwm/left/add_2154_1/S0 undriven or does not drive anything -
     clipped.
Signal motor_pwm/left/add_2154_1/CI undriven or does not drive anything -
     clipped.
Signal motor_pwm/left/add_2154_9/CO undriven or does not drive anything -
     clipped.
Signal motor_pwm/left/add_9_1/S0 undriven or does not drive anything - clipped.
Signal motor_pwm/left/add_9_1/CI undriven or does not drive anything - clipped.
Signal motor_pwm/left/add_9_13/CO undriven or does not drive anything - clipped.
     
Signal motor_pwm/right/add_9_1/S0 undriven or does not drive anything - clipped.
     
Signal motor_pwm/right/add_9_1/CI undriven or does not drive anything - clipped.
     
Signal motor_pwm/right/add_9_13/CO undriven or does not drive anything -
     clipped.
Signal motor_pwm/right/add_2153_1/S0 undriven or does not drive anything -
     clipped.
Signal motor_pwm/right/add_2153_1/CI undriven or does not drive anything -
     clipped.
Signal motor_pwm/right/add_2153_9/CO undriven or does not drive anything -
     clipped.

Memory Usage
------------


     

Run Time and Memory Usage
-------------------------

   Total CPU Time: 1 secs  
   Total REAL Time: 2 secs  
   Peak Memory Usage: 202 MB
        










                                   Page 32


Copyright (c) 1991-1994 by NeoCAD Inc. All rights reserved.
     Copyright (c) 1995 AT&T Corp.   All rights reserved.
     Copyright (c) 1995-2001 Lucent Technologies Inc.  All rights reserved.
     Copyright (c) 2001 Agere Systems   All rights reserved.
     Copyright (c) 2002-2014 Lattice Semiconductor Corporation,  All rights
     reserved.
