
edif2ngd  -l "MachXO2" -d LCMXO2-7000HC -path "/home/nick/Desktop/nickfolder/documents/projects/in-progress/project 5l - OSURC Rover 2016/electrical/uniboard/software/hdl/impl1" -path "/home/nick/Desktop/nickfolder/documents/projects/in-progress/project 5l - OSURC Rover 2016/electrical/uniboard/software/hdl"   "/home/nick/Desktop/nickfolder/documents/projects/in-progress/project 5l - OSURC Rover 2016/electrical/uniboard/software/hdl/impl1/Uniboard_impl1.edi" "Uniboard_impl1.ngo"   
edif2ngd:  version Diamond (64-bit) 3.4.1.213

Copyright (c) 1991-1994 by NeoCAD Inc. All rights reserved.
Copyright (c) 1995 AT&T Corp.   All rights reserved.
Copyright (c) 1995-2001 Lucent Technologies Inc.  All rights reserved.
Copyright (c) 2001 Agere Systems   All rights reserved.
Copyright (c) 2002-2014 Lattice Semiconductor Corporation,  All rights reserved.
Writing the design to Uniboard_impl1.ngo...

Total CPU Time: 0 secs  

Total REAL Time: 0 secs  


ngdbuild  -a "MachXO2" -d LCMXO2-7000HC  -p "/usr/local/diamond/3.4_x64/ispfpga/xo2c00/data"  -p "/home/nick/Desktop/nickfolder/documents/projects/in-progress/project 5l - OSURC Rover 2016/electrical/uniboard/software/hdl/impl1" -p "/home/nick/Desktop/nickfolder/documents/projects/in-progress/project 5l - OSURC Rover 2016/electrical/uniboard/software/hdl"  "Uniboard_impl1.ngo" "Uniboard_impl1.ngd"  	
ngdbuild:  version Diamond (64-bit) 3.4.1.213

Copyright (c) 1991-1994 by NeoCAD Inc. All rights reserved.
Copyright (c) 1995 AT&T Corp.   All rights reserved.
Copyright (c) 1995-2001 Lucent Technologies Inc.  All rights reserved.
Copyright (c) 2001 Agere Systems   All rights reserved.
Copyright (c) 2002-2014 Lattice Semiconductor Corporation,  All rights reserved.
Reading 'Uniboard_impl1.ngo' ...
Loading NGL library '/usr/local/diamond/3.4_x64/ispfpga/xo2c00a/data/xo2alib.ngl'...
Loading NGL library '/usr/local/diamond/3.4_x64/ispfpga/xo2c00/data/xo2clib.ngl'...
Loading NGL library '/usr/local/diamond/3.4_x64/ispfpga/mg5g00/data/mg5glib.ngl'...
Loading NGL library '/usr/local/diamond/3.4_x64/ispfpga/or5g00/data/orc5glib.ngl'...


Running DRC...

    <postMsg mid="1166052" type="Warning" dynamic="2" navigation="1" arg0="logical" arg1="clk_12MHz" arg2="clk_12MHz"  />
    <postMsg mid="1166052" type="Warning" dynamic="2" navigation="1" arg0="logical" arg1="Stepper_X_nFault" arg2="Stepper_X_nFault"  />
    <postMsg mid="1166052" type="Warning" dynamic="2" navigation="1" arg0="logical" arg1="Stepper_Y_nFault" arg2="Stepper_Y_nFault"  />
    <postMsg mid="1166052" type="Warning" dynamic="2" navigation="1" arg0="logical" arg1="Stepper_Z_nFault" arg2="Stepper_Z_nFault"  />
    <postMsg mid="1166052" type="Warning" dynamic="2" navigation="1" arg0="logical" arg1="Stepper_A_nFault" arg2="Stepper_A_nFault"  />
    <postMsg mid="1166052" type="Warning" dynamic="2" navigation="1" arg0="logical" arg1="limit[0]" arg2="limit[0]"  />
    <postMsg mid="1166052" type="Warning" dynamic="2" navigation="1" arg0="logical" arg1="limit[1]" arg2="limit[1]"  />
    <postMsg mid="1166052" type="Warning" dynamic="2" navigation="1" arg0="logical" arg1="limit[2]" arg2="limit[2]"  />
    <postMsg mid="1166052" type="Warning" dynamic="2" navigation="1" arg0="logical" arg1="limit[3]" arg2="limit[3]"  />
    <postMsg mid="1166052" type="Warning" dynamic="2" navigation="1" arg0="logical" arg1="encoder_ra" arg2="encoder_ra"  />
    <postMsg mid="1166052" type="Warning" dynamic="2" navigation="1" arg0="logical" arg1="encoder_rb" arg2="encoder_rb"  />
    <postMsg mid="1166052" type="Warning" dynamic="2" navigation="1" arg0="logical" arg1="encoder_ri" arg2="encoder_ri"  />
    <postMsg mid="1166052" type="Warning" dynamic="2" navigation="1" arg0="logical" arg1="encoder_la" arg2="encoder_la"  />
    <postMsg mid="1166052" type="Warning" dynamic="2" navigation="1" arg0="logical" arg1="encoder_lb" arg2="encoder_lb"  />
    <postMsg mid="1166052" type="Warning" dynamic="2" navigation="1" arg0="logical" arg1="encoder_li" arg2="encoder_li"  />
    <postMsg mid="1166052" type="Warning" dynamic="2" navigation="1" arg0="logical" arg1="rc_ch1" arg2="rc_ch1"  />
    <postMsg mid="1166052" type="Warning" dynamic="2" navigation="1" arg0="logical" arg1="rc_ch2" arg2="rc_ch2"  />
    <postMsg mid="1166052" type="Warning" dynamic="2" navigation="1" arg0="logical" arg1="rc_ch3" arg2="rc_ch3"  />
    <postMsg mid="1166052" type="Warning" dynamic="2" navigation="1" arg0="logical" arg1="rc_ch4" arg2="rc_ch4"  />
    <postMsg mid="1166052" type="Warning" dynamic="2" navigation="1" arg0="logical" arg1="rc_ch7" arg2="rc_ch7"  />
    <postMsg mid="1166052" type="Warning" dynamic="2" navigation="1" arg0="logical" arg1="rc_ch8" arg2="rc_ch8"  />
    <postMsg mid="1166052" type="Warning" dynamic="2" navigation="1" arg0="logical" arg1="pause" arg2="pause"  />
    <postMsg mid="1163101" type="Warning" dynamic="1" navigation="0" arg0="22"  />

Design Results:
     49 blocks expanded
Complete the first expansion.
Writing 'Uniboard_impl1.ngd' ...
Total CPU Time: 0 secs  

Total REAL Time: 0 secs  


map -a "MachXO2" -p LCMXO2-7000HC -t TQFP144 -s 6 -oc Commercial   "Uniboard_impl1.ngd" -o "Uniboard_impl1_map.ncd" -pr "Uniboard_impl1.prf" -mp "Uniboard_impl1.mrp" -lpf "/home/nick/Desktop/nickfolder/documents/projects/in-progress/project 5l - OSURC Rover 2016/electrical/uniboard/software/hdl/impl1/Uniboard_impl1_synplify.lpf" -lpf "/home/nick/Desktop/nickfolder/documents/projects/in-progress/project 5l - OSURC Rover 2016/electrical/uniboard/software/hdl/Uniboard.lpf" -c 0            
map:  version Diamond (64-bit) 3.4.1.213

Copyright (c) 1991-1994 by NeoCAD Inc. All rights reserved.
Copyright (c) 1995 AT&T Corp.   All rights reserved.
Copyright (c) 1995-2001 Lucent Technologies Inc.  All rights reserved.
Copyright (c) 2001 Agere Systems   All rights reserved.
Copyright (c) 2002-2014 Lattice Semiconductor Corporation,  All rights reserved.
   Process the file: Uniboard_impl1.ngd
   Picdevice="LCMXO2-7000HC"

   Pictype="TQFP144"

   Picspeed=6

   Remove unused logic

   Do not produce over sized NCDs.

Part used: LCMXO2-7000HCTQFP144, Performance used: 6.

Loading device for application map from file 'xo2c7000.nph' in environment: /usr/local/diamond/3.4_x64/ispfpga.
Package Status:                     Final          Version 1.39.

Running general design DRC...

Removing unused logic...

Optimizing...

    <postMsg mid="51001046" type="Warning" dynamic="1" navigation="0" arg0="clk_12MHz"  />
    <postMsg mid="51001046" type="Warning" dynamic="1" navigation="0" arg0="Stepper_X_nFault"  />
    <postMsg mid="51001046" type="Warning" dynamic="1" navigation="0" arg0="Stepper_Y_nFault"  />
    <postMsg mid="51001046" type="Warning" dynamic="1" navigation="0" arg0="Stepper_Z_nFault"  />
    <postMsg mid="51001046" type="Warning" dynamic="1" navigation="0" arg0="Stepper_A_nFault"  />
    <postMsg mid="51001046" type="Warning" dynamic="1" navigation="0" arg0="limit[3:0](3)"  />
    <postMsg mid="51001046" type="Warning" dynamic="1" navigation="0" arg0="limit[3:0](2)"  />
    <postMsg mid="51001046" type="Warning" dynamic="1" navigation="0" arg0="limit[3:0](1)"  />
    <postMsg mid="51001046" type="Warning" dynamic="1" navigation="0" arg0="limit[3:0](0)"  />
    <postMsg mid="51001046" type="Warning" dynamic="1" navigation="0" arg0="encoder_ra"  />
    <postMsg mid="51001046" type="Warning" dynamic="1" navigation="0" arg0="encoder_rb"  />
    <postMsg mid="51001046" type="Warning" dynamic="1" navigation="0" arg0="encoder_ri"  />
    <postMsg mid="51001046" type="Warning" dynamic="1" navigation="0" arg0="encoder_la"  />
    <postMsg mid="51001046" type="Warning" dynamic="1" navigation="0" arg0="encoder_lb"  />
    <postMsg mid="51001046" type="Warning" dynamic="1" navigation="0" arg0="encoder_li"  />
    <postMsg mid="51001046" type="Warning" dynamic="1" navigation="0" arg0="rc_ch1"  />
    <postMsg mid="51001046" type="Warning" dynamic="1" navigation="0" arg0="rc_ch2"  />
    <postMsg mid="51001046" type="Warning" dynamic="1" navigation="0" arg0="rc_ch3"  />
    <postMsg mid="51001046" type="Warning" dynamic="1" navigation="0" arg0="rc_ch4"  />
    <postMsg mid="51001046" type="Warning" dynamic="1" navigation="0" arg0="rc_ch7"  />
    <postMsg mid="51001046" type="Warning" dynamic="1" navigation="0" arg0="rc_ch8"  />
    <postMsg mid="51001046" type="Warning" dynamic="1" navigation="0" arg0="pause"  />



Design Summary:
   Number of registers:      0 out of  7209 (0%)
      PFU registers:            0 out of  6864 (0%)
      PIO registers:            0 out of   345 (0%)
   Number of SLICEs:         2 out of  3432 (0%)
      SLICEs as Logic/ROM:      2 out of  3432 (0%)
      SLICEs as RAM:            0 out of  2574 (0%)
      SLICEs as Carry:          0 out of  3432 (0%)
   Number of LUT4s:          2 out of  6864 (0%)
      Number of logic LUTs:        2
      Number of distributed RAM:   0 (0 LUT4s)
      Number of ripple logic:      0 (0 LUT4s)
      Number of shift registers:   0
   Number of PIO sites used: 46 + 4(JTAG) out of 115 (43%)
   Number of block RAMs:  0 out of 26 (0%)
   Number of GSRs:  0 out of 1 (0%)
   EFB used :       No
   JTAG used :      No
   Readback used :  No
   Oscillator used :  No
   Startup used :   No
   POR :            On
   Bandgap :        On
   Number of Power Controller:  0 out of 1 (0%)
   Number of Dynamic Bank Controller (BCINRD):  0 out of 6 (0%)
   Number of Dynamic Bank Controller (BCLVDSO):  0 out of 1 (0%)
   Number of DCCA:  0 out of 8 (0%)
   Number of DCMA:  0 out of 2 (0%)
   Number of PLLs:  0 out of 2 (0%)
   Number of DQSDLLs:  0 out of 2 (0%)
   Number of CLKDIVC:  0 out of 4 (0%)
   Number of ECLKSYNCA:  0 out of 4 (0%)
   Number of ECLKBRIDGECS:  0 out of 2 (0%)
   Notes:-
      1. Total number of LUT4s = (Number of logic LUT4s) + 2*(Number of distributed RAMs) + 2*(Number of ripple logic)
      2. Number of logic LUT4s does not include count of distributed RAM and ripple logic.
   Number of clocks:  0
   Number of Clock Enables:  0
   Number of LSRs:  0
   Number of nets driven by tri-state buffers:  0
   Top 10 highest fanout non-clock nets:
     Net VCC: 5 loads
     Net uart_rx_c: 1 loads
 

   Number of warnings:  22
   Number of errors:    0



Total CPU Time: 0 secs  
Total REAL Time: 0 secs  
Peak Memory Usage: 180 MB

Dumping design to file Uniboard_impl1_map.ncd.

ncd2vdb "Uniboard_impl1_map.ncd" ".vdbs/Uniboard_impl1_map.vdb"

Loading device for application ncd2vdb from file 'xo2c7000.nph' in environment: /usr/local/diamond/3.4_x64/ispfpga.

mpartrce -p "Uniboard_impl1.p2t" -f "Uniboard_impl1.p3t" -tf "Uniboard_impl1.pt" "Uniboard_impl1_map.ncd" "Uniboard_impl1.ncd"

---- MParTrce Tool ----
Removing old design directory at request of -rem command line option to this program.
Running par. Please wait . . .

Lattice Place and Route Report for Design "Uniboard_impl1_map.ncd"
Tue Dec 29 11:46:10 2015

PAR: Place And Route Diamond (64-bit) 3.4.1.213.
Command Line: par -w -l 5 -i 6 -t 1 -c 0 -e 0 -gui -exp parUseNBR=1:parCDP=0:parCDR=0:parPathBased=OFF Uniboard_impl1_map.ncd Uniboard_impl1.dir/5_1.ncd Uniboard_impl1.prf
Preference file: Uniboard_impl1.prf.
Placement level-cost: 5-1.
Routing Iterations: 6

Loading design for application par from file Uniboard_impl1_map.ncd.
Design name: UniboardTop
NCD version: 3.3
Vendor:      LATTICE
Device:      LCMXO2-7000HC
Package:     TQFP144
Performance: 6
Loading device for application par from file 'xo2c7000.nph' in environment: /usr/local/diamond/3.4_x64/ispfpga.
Package Status:                     Final          Version 1.39.
Performance Hardware Data Status:   Final          Version 30.4.
License checked out.


Ignore Preference Error(s):  True
Device utilization summary:

   PIO (prelim)   46+4(JTAG)/336     15% used
                  46+4(JTAG)/115     43% bonded

   SLICE              2/3432         <1% used



Number of Signals: 3
Number of Connections: 45

Pin Constraint Summary:
   46 out of 46 pins locked (100% locked).

No signal is selected as primary clock.


No signal is selected as secondary clock.

No signal is selected as Global Set/Reset.
Starting Placer Phase 0.

Finished Placer Phase 0.  REAL time: 0 secs 

Starting Placer Phase 1.
...................
Placer score = 12040.
Finished Placer Phase 1.  REAL time: 2 secs 

Starting Placer Phase 2.
.
Placer score =  12040
Finished Placer Phase 2.  REAL time: 2 secs 


------------------ Clock Report ------------------

Global Clock Resources:
  CLK_PIN    : 0 out of 8 (0%)
  PLL        : 0 out of 2 (0%)
  DCM        : 0 out of 2 (0%)
  DCC        : 0 out of 8 (0%)

Quadrants All (TL, TR, BL, BR) - Global Clocks:

  PRIMARY  : 0 out of 8 (0%)
  SECONDARY: 0 out of 8 (0%)

Edge Clocks:
  No edge clock selected.

--------------- End of Clock Report ---------------


I/O Usage Summary (final):
   46 + 4(JTAG) out of 336 (14.9%) PIO sites used.
   46 + 4(JTAG) out of 115 (43.5%) bonded PIO sites used.
   Number of PIO comps: 46; differential: 0.
   Number of Vref pins used: 0.

I/O Bank Usage Summary:
+----------+----------------+------------+-----------+
| I/O Bank | Usage          | Bank Vccio | Bank Vref |
+----------+----------------+------------+-----------+
| 0        | 13 / 28 ( 46%) | 2.5V       | -         |
| 1        | 22 / 29 ( 75%) | 2.5V       | -         |
| 2        | 9 / 29 ( 31%)  | 2.5V       | -         |
| 3        | 0 / 9 (  0%)   | -          | -         |
| 4        | 0 / 10 (  0%)  | -          | -         |
| 5        | 2 / 10 ( 20%)  | 2.5V       | -         |
+----------+----------------+------------+-----------+

Total placer CPU time: 1 secs 

Dumping design to file Uniboard_impl1.dir/5_1.ncd.


-----------------------------------------------------------------
INFO - par: ASE feature is off due to non timing-driven settings.  
-----------------------------------------------------------------

0 connections routed; 45 unrouted.
Starting router resource preassignment

Completed router resource preassignment. Real time: 3 secs 

Start NBR router at Tue Dec 29 11:46:13 PST 2015

*****************************************************************
Info: NBR allows conflicts(one node used by more than one signal)
      in the earlier iterations. In each iteration, it tries to  
      solve the conflicts while keeping the critical connections 
      routed as short as possible. The routing process is said to
      be completed when no conflicts exist and all connections   
      are routed.                                                
Note: NBR uses a different method to calculate timing slacks. The
      worst slack and total negative slack may not be the same as
      that in TRCE report. You should always run TRCE to verify  
      your design. Thanks.                                       
*****************************************************************

Start NBR special constraint process at Tue Dec 29 11:46:13 PST 2015

Start NBR section for initial routing at Tue Dec 29 11:46:13 PST 2015
Level 4, iteration 1
0(0.00%) conflict; 0(0.00%) untouched conn; 0 (nbr) score; real time: 3 secs 

Info: Initial congestion level at 75% usage is 0
Info: Initial congestion area  at 75% usage is 0 (0.00%)

Start NBR section for normal routing at Tue Dec 29 11:46:13 PST 2015
Level 4, iteration 1
0(0.00%) conflict; 0(0.00%) untouched conn; 0 (nbr) score; real time: 3 secs 

Start NBR section for re-routing at Tue Dec 29 11:46:13 PST 2015
Level 4, iteration 1
0(0.00%) conflict; 0(0.00%) untouched conn; 0 (nbr) score; real time: 3 secs 

Start NBR section for post-routing at Tue Dec 29 11:46:13 PST 2015

End NBR router with 0 unrouted connection

NBR Summary
-----------
  Number of unrouted connections : 0 (0.00%)
  Number of connections with timing violations : 0 (0.00%)
  Estimated worst slack<setup> : <n/a>
  Timing score<setup> : 0
-----------
Notes: The timing info is calculated for SETUP only and all PAR_ADJs are ignored.



Total CPU time 3 secs 
Total REAL time: 3 secs 
Completely routed.
End of route.  45 routed (100.00%); 0 unrouted.
Checking DRC ... 
No errors found.

Hold time timing score: 0, hold timing errors: 0

Timing score: 0 

Dumping design to file Uniboard_impl1.dir/5_1.ncd.


PAR_SUMMARY::Run status = completed
PAR_SUMMARY::Number of unrouted conns = 0
PAR_SUMMARY::Worst  slack<setup/<ns>> = <n/a>
PAR_SUMMARY::Timing score<setup/<ns>> = <n/a>
PAR_SUMMARY::Worst  slack<hold /<ns>> = <n/a>
PAR_SUMMARY::Timing score<hold /<ns>> = <n/a>
PAR_SUMMARY::Number of errors = 0

Total CPU  time to completion: 3 secs 
Total REAL time to completion: 3 secs 

par done!

Copyright (c) 1991-1994 by NeoCAD Inc. All rights reserved.
Copyright (c) 1995 AT&T Corp.   All rights reserved.
Copyright (c) 1995-2001 Lucent Technologies Inc.  All rights reserved.
Copyright (c) 2001 Agere Systems   All rights reserved.
Copyright (c) 2002-2014 Lattice Semiconductor Corporation,  All rights reserved.
Exiting par with exit code 0
Exiting mpartrce with exit code 0

bitgen -f "Uniboard_impl1.t2b" -w "Uniboard_impl1.ncd" -jedec "Uniboard_impl1.prf"


BITGEN: Bitstream Generator Diamond (64-bit) 3.4.1.213
Copyright (c) 1991-1994 by NeoCAD Inc. All rights reserved.
Copyright (c) 1995 AT&T Corp.   All rights reserved.
Copyright (c) 1995-2001 Lucent Technologies Inc.  All rights reserved.
Copyright (c) 2001 Agere Systems   All rights reserved.
Copyright (c) 2002-2014 Lattice Semiconductor Corporation,  All rights reserved.


Loading design for application Bitgen from file Uniboard_impl1.ncd.
Design name: UniboardTop
NCD version: 3.3
Vendor:      LATTICE
Device:      LCMXO2-7000HC
Package:     TQFP144
Performance: 6
Loading device for application Bitgen from file 'xo2c7000.nph' in environment: /usr/local/diamond/3.4_x64/ispfpga.
Package Status:                     Final          Version 1.39.
Performance Hardware Data Status:   Final          Version 30.4.

Running DRC.
DRC detected 0 errors and 0 warnings.
Reading Preference File from Uniboard_impl1.prf.

Preference Summary:
+---------------------------------+---------------------------------+
|  Preference                     |  Current Setting                |
+---------------------------------+---------------------------------+
|                         RamCfg  |                        Reset**  |
+---------------------------------+---------------------------------+
|                     MCCLK_FREQ  |                         2.08**  |
+---------------------------------+---------------------------------+
|                  CONFIG_SECURE  |                          OFF**  |
+---------------------------------+---------------------------------+
|                      JTAG_PORT  |                       ENABLE**  |
+---------------------------------+---------------------------------+
|                       SDM_PORT  |                      DISABLE**  |
+---------------------------------+---------------------------------+
|                 SLAVE_SPI_PORT  |                      DISABLE**  |
+---------------------------------+---------------------------------+
|                MASTER_SPI_PORT  |                      DISABLE**  |
+---------------------------------+---------------------------------+
|                       I2C_PORT  |                      DISABLE**  |
+---------------------------------+---------------------------------+
|        MUX_CONFIGURATION_PORTS  |                      DISABLE**  |
+---------------------------------+---------------------------------+
|                  CONFIGURATION  |                          CFG**  |
+---------------------------------+---------------------------------+
|                COMPRESS_CONFIG  |                           ON**  |
+---------------------------------+---------------------------------+
|                        MY_ASSP  |                          OFF**  |
+---------------------------------+---------------------------------+
|               ONE_TIME_PROGRAM  |                          OFF**  |
+---------------------------------+---------------------------------+
|                 ENABLE_TRANSFR  |                      DISABLE**  |
+---------------------------------+---------------------------------+
|                  SHAREDEBRINIT  |                      DISABLE**  |
+---------------------------------+---------------------------------+
 *  Default setting.
 ** The specified setting matches the default setting.


Creating bit map...
 
Bitstream Status: Final           Version 1.86.
 
Saving bit stream in "Uniboard_impl1.jed".
 
===========
UFM Summary.
===========
UFM Size:        2046 Pages (128*2046 Bits).
UFM Utilization: General Purpose Flash Memory.
 
Available General Purpose Flash Memory: 2046 Pages (Page 0 to Page 2045).
Initialized UFM Pages:                     0 Page.
 
