Running in Lattice mode


Starting:    /usr/local/diamond/3.4_x64/synpbase/linux_a_64/mbin/synbatch
Install:     /usr/local/diamond/3.4_x64/synpbase
Hostname:    nick-laptop
Date:        Thu Dec 24 22:41:05 2015
Version:     J-2014.09L

Arguments:   -product synplify_pro  -batch Uniboard_impl1_synplify.tcl
ProductType: synplify_pro

CDPL_LOGDIR: /home/nick/.synopsys/fpga/cdpllog





log file: "/home/nick/Desktop/nickfolder/documents/projects/in-progress/project 5l - OSURC Rover 2016/electrical/uniboard/software/hdl/impl1/Uniboard_impl1.srr"



Running proj_1|impl1


Running: Compile on proj_1|impl1


Running: Compile Process on proj_1|impl1


Running: Compile Input on proj_1|impl1

compiler exited with errors


Job: "compiler" terminated with error status: 2
See log file: "/home/nick/Desktop/nickfolder/documents/projects/in-progress/project 5l - OSURC Rover 2016/electrical/uniboard/software/hdl/impl1/synlog/Uniboard_impl1_compiler.srr"
Return Code: 2
Run Time:00h:00m:00s

Copied /home/nick/Desktop/nickfolder/documents/projects/in-progress/project 5l - OSURC Rover 2016/electrical/uniboard/software/hdl/impl1/Uniboard_impl1.srr to /home/nick/Desktop/nickfolder/documents/projects/in-progress/project 5l - OSURC Rover 2016/electrical/uniboard/software/hdl/impl1/Uniboard_impl1.srf

TCL script complete: "Uniboard_impl1_synplify.tcl"

exit status=2

exit status=2

Save changes for project:
/home/nick/Desktop/nickfolder/documents/projects/in-progress/project 5l - OSURC Rover 2016/electrical/uniboard/software/hdl/impl1/proj_1.prj

batch mode default:no

