Resource Usage Report
Part: lcmxo2_7000hc-6

Register bits: 636 of 6864 (9%)
PIC Latch:       0
I/O cells:       55

Details:
CCU2D:          147
FD1P3AX:        230
FD1P3IX:        210
FD1P3JX:        72
FD1S3AX:        44
FD1S3AY:        3
FD1S3IX:        67
FD1S3JX:        1
GSR:            1
IB:             10
IFS1P3DX:       7
INV:            8
L6MUX21:        1
OB:             45
OFS1P3DX:       2
ORCALUT4:       956
PFUMX:          61
PUR:            1
VHI:            18
VLO:            18
